2018-08-25 15:18:07,055 [5] INFO hololens_server20180722.Controllers.ValuesController - Start Post status_update
2018-08-25 15:18:07,071 [5] INFO hololens_server20180722.Models.OthelloPlay - Start UpdateStatus 
2018-08-25 15:18:07,073 [5] DEBUG hololens_server20180722.Models.OthelloPlay - roomNumber is empty 
2018-08-25 15:18:07,075 [5] DEBUG hololens_server20180722.Models.OthelloPlay - GetLastPosition Layer05-XRow04-ZCol03
2018-08-25 15:18:07,077 [5] DEBUG hololens_server20180722.Models.OthelloPlay - Start CheckReverse Layer05-XRow04-ZCol03
2018-08-25 15:18:07,080 [5] DEBUG hololens_server20180722.Models.OthelloPlay - GetAdjcentPositions 26
2018-08-25 15:18:07,088 [5] DEBUG hololens_server20180722.Models.OthelloPlay - reach emply position 
2018-08-25 15:18:07,088 [5] DEBUG hololens_server20180722.Models.OthelloPlay - End CheckReverse 
2018-08-25 15:18:07,088 [5] DEBUG hololens_server20180722.Models.OthelloPlay - GetAdjcentPositions 26
2018-08-25 15:18:07,088 [5] DEBUG hololens_server20180722.Models.OthelloPlay - GetAdjcentPositions 26
2018-08-25 15:18:07,088 [5] DEBUG hololens_server20180722.Models.OthelloPlay - GetAdjcentPositions 26
2018-08-25 15:18:07,089 [5] DEBUG hololens_server20180722.Models.OthelloPlay - GetAdjcentPositions 26
2018-08-25 15:18:07,089 [5] DEBUG hololens_server20180722.Models.OthelloPlay - GetAdjcentPositions 26
2018-08-25 15:18:07,089 [5] DEBUG hololens_server20180722.Models.OthelloPlay - GetAdjcentPositions 26
2018-08-25 15:18:07,089 [5] DEBUG hololens_server20180722.Models.OthelloPlay - GetAdjcentPositions 26
2018-08-25 15:18:07,089 [5] DEBUG hololens_server20180722.Models.OthelloPlay - GetAdjcentPositions 26
2018-08-25 15:18:07,090 [5] DEBUG hololens_server20180722.Models.OthelloPlay - GetAdjcentPositions 26
2018-08-25 15:18:07,090 [5] DEBUG hololens_server20180722.Models.OthelloPlay - 512
2018-08-25 15:18:07,093 [5] INFO hololens_server20180722.Models.OthelloPlay - End UpdateStatus 
2018-08-25 15:18:07,094 [5] INFO hololens_server20180722.Controllers.ValuesController - End Post 
2018-08-25 15:18:09,452 [5] INFO hololens_server20180722.Controllers.ValuesController - Start Post status_update
2018-08-25 15:18:09,452 [5] INFO hololens_server20180722.Models.OthelloPlay - Start UpdateStatus 
2018-08-25 15:18:09,454 [5] DEBUG hololens_server20180722.Models.OthelloPlay - roomNumber is empty 
2018-08-25 15:18:09,455 [5] DEBUG hololens_server20180722.Models.OthelloPlay - GetLastPosition Layer05-XRow03-ZCol03
2018-08-25 15:18:09,455 [5] DEBUG hololens_server20180722.Models.OthelloPlay - Start CheckReverse Layer05-XRow03-ZCol03
2018-08-25 15:18:09,455 [5] DEBUG hololens_server20180722.Models.OthelloPlay - GetAdjcentPositions 26
2018-08-25 15:18:09,455 [5] DEBUG hololens_server20180722.Models.OthelloPlay - reach emply position 
2018-08-25 15:18:09,455 [5] DEBUG hololens_server20180722.Models.OthelloPlay - reach emply position 
2018-08-25 15:18:09,455 [5] DEBUG hololens_server20180722.Models.OthelloPlay - End CheckReverse 
2018-08-25 15:18:09,456 [5] DEBUG hololens_server20180722.Models.OthelloPlay - GetAdjcentPositions 26
2018-08-25 15:18:09,456 [5] DEBUG hololens_server20180722.Models.OthelloPlay - GetAdjcentPositions 26
2018-08-25 15:18:09,456 [5] DEBUG hololens_server20180722.Models.OthelloPlay - GetAdjcentPositions 26
2018-08-25 15:18:09,457 [5] DEBUG hololens_server20180722.Models.OthelloPlay - GetAdjcentPositions 26
2018-08-25 15:18:09,457 [5] DEBUG hololens_server20180722.Models.OthelloPlay - GetAdjcentPositions 26
2018-08-25 15:18:09,458 [5] DEBUG hololens_server20180722.Models.OthelloPlay - GetAdjcentPositions 26
2018-08-25 15:18:09,458 [5] DEBUG hololens_server20180722.Models.OthelloPlay - GetAdjcentPositions 26
2018-08-25 15:18:09,458 [5] DEBUG hololens_server20180722.Models.OthelloPlay - GetAdjcentPositions 26
2018-08-25 15:18:09,458 [5] DEBUG hololens_server20180722.Models.OthelloPlay - GetAdjcentPositions 26
2018-08-25 15:18:09,458 [5] DEBUG hololens_server20180722.Models.OthelloPlay - GetAdjcentPositions 26
2018-08-25 15:18:09,459 [5] DEBUG hololens_server20180722.Models.OthelloPlay - 512
2018-08-25 15:18:09,459 [5] INFO hololens_server20180722.Models.OthelloPlay - End UpdateStatus 
2018-08-25 15:18:09,459 [5] INFO hololens_server20180722.Controllers.ValuesController - End Post 
2018-08-25 15:18:12,457 [6] INFO hololens_server20180722.Controllers.ValuesController - Start Post status_update
2018-08-25 15:18:12,457 [6] INFO hololens_server20180722.Models.OthelloPlay - Start UpdateStatus 
2018-08-25 15:18:12,459 [6] DEBUG hololens_server20180722.Models.OthelloPlay - roomNumber is empty 
2018-08-25 15:18:12,460 [6] DEBUG hololens_server20180722.Models.OthelloPlay - GetLastPosition Layer04-XRow04-ZCol06
2018-08-25 15:18:12,460 [6] DEBUG hololens_server20180722.Models.OthelloPlay - Start CheckReverse Layer04-XRow04-ZCol06
2018-08-25 15:18:12,460 [6] DEBUG hololens_server20180722.Models.OthelloPlay - GetAdjcentPositions 26
2018-08-25 15:18:12,461 [6] DEBUG hololens_server20180722.Models.OthelloPlay - reach emply position 
2018-08-25 15:18:12,461 [6] DEBUG hololens_server20180722.Models.OthelloPlay - End CheckReverse 
2018-08-25 15:18:12,461 [6] DEBUG hololens_server20180722.Models.OthelloPlay - GetAdjcentPositions 26
2018-08-25 15:18:12,461 [6] DEBUG hololens_server20180722.Models.OthelloPlay - GetAdjcentPositions 26
2018-08-25 15:18:12,461 [6] DEBUG hololens_server20180722.Models.OthelloPlay - GetAdjcentPositions 26
2018-08-25 15:18:12,462 [6] DEBUG hololens_server20180722.Models.OthelloPlay - GetAdjcentPositions 26
2018-08-25 15:18:12,462 [6] DEBUG hololens_server20180722.Models.OthelloPlay - GetAdjcentPositions 26
2018-08-25 15:18:12,462 [6] DEBUG hololens_server20180722.Models.OthelloPlay - GetAdjcentPositions 26
2018-08-25 15:18:12,463 [6] DEBUG hololens_server20180722.Models.OthelloPlay - GetAdjcentPositions 26
2018-08-25 15:18:12,463 [6] DEBUG hololens_server20180722.Models.OthelloPlay - GetAdjcentPositions 26
2018-08-25 15:18:12,463 [6] DEBUG hololens_server20180722.Models.OthelloPlay - GetAdjcentPositions 26
2018-08-25 15:18:12,463 [6] DEBUG hololens_server20180722.Models.OthelloPlay - GetAdjcentPositions 26
2018-08-25 15:18:12,463 [6] DEBUG hololens_server20180722.Models.OthelloPlay - GetAdjcentPositions 26
2018-08-25 15:18:12,464 [6] DEBUG hololens_server20180722.Models.OthelloPlay - 512
2018-08-25 15:18:12,464 [6] INFO hololens_server20180722.Models.OthelloPlay - End UpdateStatus 
2018-08-25 15:18:12,464 [6] INFO hololens_server20180722.Controllers.ValuesController - End Post 
2018-08-25 15:18:15,450 [8] INFO hololens_server20180722.Controllers.ValuesController - Start Post status_update
2018-08-25 15:18:15,450 [8] INFO hololens_server20180722.Models.OthelloPlay - Start UpdateStatus 
2018-08-25 15:18:15,452 [8] DEBUG hololens_server20180722.Models.OthelloPlay - roomNumber is empty 
2018-08-25 15:18:15,453 [8] DEBUG hololens_server20180722.Models.OthelloPlay - GetLastPosition Layer03-XRow04-ZCol04
2018-08-25 15:18:15,453 [8] DEBUG hololens_server20180722.Models.OthelloPlay - Start CheckReverse Layer03-XRow04-ZCol04
2018-08-25 15:18:15,453 [8] DEBUG hololens_server20180722.Models.OthelloPlay - GetAdjcentPositions 26
2018-08-25 15:18:15,453 [8] DEBUG hololens_server20180722.Models.OthelloPlay - reach emply position 
2018-08-25 15:18:15,453 [8] DEBUG hololens_server20180722.Models.OthelloPlay - reach emply position 
2018-08-25 15:18:15,453 [8] DEBUG hololens_server20180722.Models.OthelloPlay - End CheckReverse 
2018-08-25 15:18:15,454 [8] DEBUG hololens_server20180722.Models.OthelloPlay - GetAdjcentPositions 26
2018-08-25 15:18:15,454 [8] DEBUG hololens_server20180722.Models.OthelloPlay - GetAdjcentPositions 26
2018-08-25 15:18:15,454 [8] DEBUG hololens_server20180722.Models.OthelloPlay - GetAdjcentPositions 26
2018-08-25 15:18:15,454 [8] DEBUG hololens_server20180722.Models.OthelloPlay - GetAdjcentPositions 26
2018-08-25 15:18:15,454 [8] DEBUG hololens_server20180722.Models.OthelloPlay - GetAdjcentPositions 26
2018-08-25 15:18:15,455 [8] DEBUG hololens_server20180722.Models.OthelloPlay - GetAdjcentPositions 26
2018-08-25 15:18:15,455 [8] DEBUG hololens_server20180722.Models.OthelloPlay - GetAdjcentPositions 26
2018-08-25 15:18:15,456 [8] DEBUG hololens_server20180722.Models.OthelloPlay - GetAdjcentPositions 26
2018-08-25 15:18:15,456 [8] DEBUG hololens_server20180722.Models.OthelloPlay - GetAdjcentPositions 26
2018-08-25 15:18:15,456 [8] DEBUG hololens_server20180722.Models.OthelloPlay - GetAdjcentPositions 26
2018-08-25 15:18:15,456 [8] DEBUG hololens_server20180722.Models.OthelloPlay - GetAdjcentPositions 26
2018-08-25 15:18:15,457 [8] DEBUG hololens_server20180722.Models.OthelloPlay - GetAdjcentPositions 26
2018-08-25 15:18:15,457 [8] DEBUG hololens_server20180722.Models.OthelloPlay - 512
2018-08-25 15:18:15,457 [8] INFO hololens_server20180722.Models.OthelloPlay - End UpdateStatus 
2018-08-25 15:18:15,458 [8] INFO hololens_server20180722.Controllers.ValuesController - End Post 
2018-08-25 15:18:18,735 [5] INFO hololens_server20180722.Controllers.ValuesController - Start Post status_update
2018-08-25 15:18:18,735 [5] INFO hololens_server20180722.Models.OthelloPlay - Start UpdateStatus 
2018-08-25 15:18:18,736 [5] DEBUG hololens_server20180722.Models.OthelloPlay - roomNumber is empty 
2018-08-25 15:18:18,755 [5] DEBUG hololens_server20180722.Models.OthelloPlay - GetLastPosition Layer03-XRow03-ZCol04
2018-08-25 15:18:18,755 [5] DEBUG hololens_server20180722.Models.OthelloPlay - Start CheckReverse Layer03-XRow03-ZCol04
2018-08-25 15:18:18,758 [5] DEBUG hololens_server20180722.Models.OthelloPlay - GetAdjcentPositions 26
2018-08-25 15:18:18,758 [5] DEBUG hololens_server20180722.Models.OthelloPlay - reach emply position 
2018-08-25 15:18:18,758 [5] DEBUG hololens_server20180722.Models.OthelloPlay - End CheckReverse 
2018-08-25 15:18:18,758 [5] DEBUG hololens_server20180722.Models.OthelloPlay - GetAdjcentPositions 26
2018-08-25 15:18:18,759 [5] DEBUG hololens_server20180722.Models.OthelloPlay - GetAdjcentPositions 26
2018-08-25 15:18:18,760 [5] DEBUG hololens_server20180722.Models.OthelloPlay - GetAdjcentPositions 26
2018-08-25 15:18:18,760 [5] DEBUG hololens_server20180722.Models.OthelloPlay - GetAdjcentPositions 26
2018-08-25 15:18:18,761 [5] DEBUG hololens_server20180722.Models.OthelloPlay - GetAdjcentPositions 26
2018-08-25 15:18:18,761 [5] DEBUG hololens_server20180722.Models.OthelloPlay - GetAdjcentPositions 26
2018-08-25 15:18:18,761 [5] DEBUG hololens_server20180722.Models.OthelloPlay - GetAdjcentPositions 26
2018-08-25 15:18:18,762 [5] DEBUG hololens_server20180722.Models.OthelloPlay - GetAdjcentPositions 26
2018-08-25 15:18:18,762 [5] DEBUG hololens_server20180722.Models.OthelloPlay - GetAdjcentPositions 26
2018-08-25 15:18:18,762 [5] DEBUG hololens_server20180722.Models.OthelloPlay - GetAdjcentPositions 26
2018-08-25 15:18:18,763 [5] DEBUG hololens_server20180722.Models.OthelloPlay - GetAdjcentPositions 26
2018-08-25 15:18:18,763 [5] DEBUG hololens_server20180722.Models.OthelloPlay - GetAdjcentPositions 26
2018-08-25 15:18:18,763 [5] DEBUG hololens_server20180722.Models.OthelloPlay - GetAdjcentPositions 26
2018-08-25 15:18:18,763 [5] DEBUG hololens_server20180722.Models.OthelloPlay - 512
2018-08-25 15:18:18,763 [5] INFO hololens_server20180722.Models.OthelloPlay - End UpdateStatus 
2018-08-25 15:18:18,764 [5] INFO hololens_server20180722.Controllers.ValuesController - End Post 
2018-08-25 15:18:21,734 [6] INFO hololens_server20180722.Controllers.ValuesController - Start Post status_update
2018-08-25 15:18:21,735 [6] INFO hololens_server20180722.Models.OthelloPlay - Start UpdateStatus 
2018-08-25 15:18:21,736 [6] DEBUG hololens_server20180722.Models.OthelloPlay - roomNumber is  tempNumber
2018-08-25 15:18:21,737 [6] DEBUG hololens_server20180722.Models.OthelloPlay - Start CheckReverse Layer04-XRow03-ZCol04
2018-08-25 15:18:21,737 [6] DEBUG hololens_server20180722.Models.OthelloPlay - GetAdjcentPositions 26
2018-08-25 15:18:21,737 [6] DEBUG hololens_server20180722.Models.OthelloPlay - The last position color is 0 Not need CheckReverse 
2018-08-25 15:18:21,738 [6] DEBUG hololens_server20180722.Models.OthelloPlay - GetAdjcentPositions 26
2018-08-25 15:18:21,738 [6] DEBUG hololens_server20180722.Models.OthelloPlay - GetAdjcentPositions 26
2018-08-25 15:18:21,738 [6] DEBUG hololens_server20180722.Models.OthelloPlay - GetAdjcentPositions 26
2018-08-25 15:18:21,738 [6] DEBUG hololens_server20180722.Models.OthelloPlay - GetAdjcentPositions 26
2018-08-25 15:18:21,738 [6] DEBUG hololens_server20180722.Models.OthelloPlay - GetAdjcentPositions 26
2018-08-25 15:18:21,738 [6] DEBUG hololens_server20180722.Models.OthelloPlay - GetAdjcentPositions 26
2018-08-25 15:18:21,739 [6] DEBUG hololens_server20180722.Models.OthelloPlay - GetAdjcentPositions 26
2018-08-25 15:18:21,739 [6] DEBUG hololens_server20180722.Models.OthelloPlay - GetAdjcentPositions 26
2018-08-25 15:18:21,740 [6] DEBUG hololens_server20180722.Models.OthelloPlay - 512
2018-08-25 15:18:21,742 [6] INFO hololens_server20180722.Models.OthelloPlay - End UpdateStatus 
2018-08-25 15:18:21,742 [6] INFO hololens_server20180722.Controllers.ValuesController - End Post 
2018-08-25 15:18:24,749 [5] INFO hololens_server20180722.Controllers.ValuesController - Start Post status_update
2018-08-25 15:18:24,749 [5] INFO hololens_server20180722.Models.OthelloPlay - Start UpdateStatus 
2018-08-25 15:18:24,751 [5] DEBUG hololens_server20180722.Models.OthelloPlay - roomNumber is  20180825151821736
2018-08-25 15:18:24,751 [5] DEBUG hololens_server20180722.Models.OthelloPlay - Start CheckReverse Layer04-XRow03-ZCol04
2018-08-25 15:18:24,751 [5] DEBUG hololens_server20180722.Models.OthelloPlay - GetAdjcentPositions 26
2018-08-25 15:18:24,751 [5] DEBUG hololens_server20180722.Models.OthelloPlay - The last position color is 0 Not need CheckReverse 
2018-08-25 15:18:24,752 [5] DEBUG hololens_server20180722.Models.OthelloPlay - GetAdjcentPositions 26
2018-08-25 15:18:24,752 [5] DEBUG hololens_server20180722.Models.OthelloPlay - GetAdjcentPositions 26
2018-08-25 15:18:24,752 [5] DEBUG hololens_server20180722.Models.OthelloPlay - GetAdjcentPositions 26
2018-08-25 15:18:24,752 [5] DEBUG hololens_server20180722.Models.OthelloPlay - GetAdjcentPositions 26
2018-08-25 15:18:24,753 [5] DEBUG hololens_server20180722.Models.OthelloPlay - GetAdjcentPositions 26
2018-08-25 15:18:24,753 [5] DEBUG hololens_server20180722.Models.OthelloPlay - GetAdjcentPositions 26
2018-08-25 15:18:24,753 [5] DEBUG hololens_server20180722.Models.OthelloPlay - GetAdjcentPositions 26
2018-08-25 15:18:24,753 [5] DEBUG hololens_server20180722.Models.OthelloPlay - GetAdjcentPositions 26
2018-08-25 15:18:24,753 [5] DEBUG hololens_server20180722.Models.OthelloPlay - 512
2018-08-25 15:18:24,754 [5] INFO hololens_server20180722.Models.OthelloPlay - End UpdateStatus 
2018-08-25 15:18:24,754 [5] INFO hololens_server20180722.Controllers.ValuesController - End Post 
2018-08-25 15:18:27,763 [5] INFO hololens_server20180722.Controllers.ValuesController - Start Post status_update
2018-08-25 15:18:27,763 [5] INFO hololens_server20180722.Models.OthelloPlay - Start UpdateStatus 
2018-08-25 15:18:27,764 [5] DEBUG hololens_server20180722.Models.OthelloPlay - roomNumber is  20180825151821736
2018-08-25 15:18:27,764 [5] DEBUG hololens_server20180722.Models.OthelloPlay - Start CheckReverse Layer04-XRow03-ZCol04
2018-08-25 15:18:27,765 [5] DEBUG hololens_server20180722.Models.OthelloPlay - GetAdjcentPositions 26
2018-08-25 15:18:27,765 [5] DEBUG hololens_server20180722.Models.OthelloPlay - The last position color is 0 Not need CheckReverse 
2018-08-25 15:18:27,765 [5] DEBUG hololens_server20180722.Models.OthelloPlay - GetAdjcentPositions 26
2018-08-25 15:18:27,765 [5] DEBUG hololens_server20180722.Models.OthelloPlay - GetAdjcentPositions 26
2018-08-25 15:18:27,765 [5] DEBUG hololens_server20180722.Models.OthelloPlay - GetAdjcentPositions 26
2018-08-25 15:18:27,765 [5] DEBUG hololens_server20180722.Models.OthelloPlay - GetAdjcentPositions 26
2018-08-25 15:18:27,765 [5] DEBUG hololens_server20180722.Models.OthelloPlay - GetAdjcentPositions 26
2018-08-25 15:18:27,766 [5] DEBUG hololens_server20180722.Models.OthelloPlay - GetAdjcentPositions 26
2018-08-25 15:18:27,766 [5] DEBUG hololens_server20180722.Models.OthelloPlay - GetAdjcentPositions 26
2018-08-25 15:18:27,766 [5] DEBUG hololens_server20180722.Models.OthelloPlay - GetAdjcentPositions 26
2018-08-25 15:18:27,766 [5] DEBUG hololens_server20180722.Models.OthelloPlay - 512
2018-08-25 15:18:27,766 [5] INFO hololens_server20180722.Models.OthelloPlay - End UpdateStatus 
2018-08-25 15:18:27,766 [5] INFO hololens_server20180722.Controllers.ValuesController - End Post 
2018-08-25 15:18:30,793 [5] INFO hololens_server20180722.Controllers.ValuesController - Start Post status_update
2018-08-25 15:18:30,793 [5] INFO hololens_server20180722.Models.OthelloPlay - Start UpdateStatus 
2018-08-25 15:18:30,795 [5] DEBUG hololens_server20180722.Models.OthelloPlay - roomNumber is  20180825151821736
2018-08-25 15:18:30,795 [5] DEBUG hololens_server20180722.Models.OthelloPlay - Start CheckReverse Layer04-XRow06-ZCol06
2018-08-25 15:18:30,795 [5] DEBUG hololens_server20180722.Models.OthelloPlay - GetAdjcentPositions 26
2018-08-25 15:18:30,795 [5] DEBUG hololens_server20180722.Models.OthelloPlay - The last position color is 0 Not need CheckReverse 
2018-08-25 15:18:30,795 [5] DEBUG hololens_server20180722.Models.OthelloPlay - GetAdjcentPositions 26
2018-08-25 15:18:30,795 [5] DEBUG hololens_server20180722.Models.OthelloPlay - GetAdjcentPositions 26
2018-08-25 15:18:30,796 [5] DEBUG hololens_server20180722.Models.OthelloPlay - GetAdjcentPositions 26
2018-08-25 15:18:30,796 [5] DEBUG hololens_server20180722.Models.OthelloPlay - GetAdjcentPositions 26
2018-08-25 15:18:30,796 [5] DEBUG hololens_server20180722.Models.OthelloPlay - GetAdjcentPositions 26
2018-08-25 15:18:30,796 [5] DEBUG hololens_server20180722.Models.OthelloPlay - GetAdjcentPositions 26
2018-08-25 15:18:30,796 [5] DEBUG hololens_server20180722.Models.OthelloPlay - GetAdjcentPositions 26
2018-08-25 15:18:30,796 [5] DEBUG hololens_server20180722.Models.OthelloPlay - GetAdjcentPositions 26
2018-08-25 15:18:30,797 [5] DEBUG hololens_server20180722.Models.OthelloPlay - 512
2018-08-25 15:18:30,797 [5] INFO hololens_server20180722.Models.OthelloPlay - End UpdateStatus 
2018-08-25 15:18:30,797 [5] INFO hololens_server20180722.Controllers.ValuesController - End Post 
2018-08-25 15:18:33,787 [5] INFO hololens_server20180722.Controllers.ValuesController - Start Post status_update
2018-08-25 15:18:33,788 [5] INFO hololens_server20180722.Models.OthelloPlay - Start UpdateStatus 
2018-08-25 15:18:33,791 [5] DEBUG hololens_server20180722.Models.OthelloPlay - roomNumber is  20180825151821736
2018-08-25 15:18:33,791 [5] DEBUG hololens_server20180722.Models.OthelloPlay - Start CheckReverse Layer04-XRow06-ZCol06
2018-08-25 15:18:33,792 [5] DEBUG hololens_server20180722.Models.OthelloPlay - GetAdjcentPositions 26
2018-08-25 15:18:33,792 [5] DEBUG hololens_server20180722.Models.OthelloPlay - The last position color is 0 Not need CheckReverse 
2018-08-25 15:18:33,792 [5] DEBUG hololens_server20180722.Models.OthelloPlay - GetAdjcentPositions 26
2018-08-25 15:18:33,792 [5] DEBUG hololens_server20180722.Models.OthelloPlay - GetAdjcentPositions 26
2018-08-25 15:18:33,793 [5] DEBUG hololens_server20180722.Models.OthelloPlay - GetAdjcentPositions 26
2018-08-25 15:18:33,793 [5] DEBUG hololens_server20180722.Models.OthelloPlay - GetAdjcentPositions 26
2018-08-25 15:18:33,793 [5] DEBUG hololens_server20180722.Models.OthelloPlay - GetAdjcentPositions 26
2018-08-25 15:18:33,794 [5] DEBUG hololens_server20180722.Models.OthelloPlay - GetAdjcentPositions 26
2018-08-25 15:18:33,794 [5] DEBUG hololens_server20180722.Models.OthelloPlay - GetAdjcentPositions 26
2018-08-25 15:18:33,795 [5] DEBUG hololens_server20180722.Models.OthelloPlay - GetAdjcentPositions 26
2018-08-25 15:18:33,796 [5] DEBUG hololens_server20180722.Models.OthelloPlay - 512
2018-08-25 15:18:33,797 [5] INFO hololens_server20180722.Models.OthelloPlay - End UpdateStatus 
2018-08-25 15:18:33,797 [5] INFO hololens_server20180722.Controllers.ValuesController - End Post 
2018-08-25 15:18:36,790 [5] INFO hololens_server20180722.Controllers.ValuesController - Start Post status_update
2018-08-25 15:18:36,791 [5] INFO hololens_server20180722.Models.OthelloPlay - Start UpdateStatus 
2018-08-25 15:18:36,792 [5] DEBUG hololens_server20180722.Models.OthelloPlay - roomNumber is  20180825151821736
2018-08-25 15:18:36,794 [5] INFO hololens_server20180722.Models.CompPlay - Start ChangeStateComp Layer04-XRow06-ZCol06
2018-08-25 15:18:36,795 [5] DEBUG hololens_server20180722.Models.CompPlay - layerIndex 04 xRowIndex 06 zColIndex 06
2018-08-25 15:18:36,796 [5] DEBUG hololens_server20180722.Models.CompPlay - GetAdjcentPositions 26
2018-08-25 15:18:36,797 [5] INFO hololens_server20180722.Models.CompPlay - End ChangeStateComp Layer03-XRow05-ZCol05 2
2018-08-25 15:18:36,798 [5] DEBUG hololens_server20180722.Models.OthelloPlay - GetLastPosition Layer03-XRow05-ZCol05
2018-08-25 15:18:36,798 [5] DEBUG hololens_server20180722.Models.OthelloPlay - Start CheckReverse Layer03-XRow05-ZCol05
2018-08-25 15:18:36,798 [5] DEBUG hololens_server20180722.Models.OthelloPlay - GetAdjcentPositions 26
2018-08-25 15:18:36,799 [5] DEBUG hololens_server20180722.Models.OthelloPlay - reach emply position 
2018-08-25 15:18:36,799 [5] DEBUG hololens_server20180722.Models.OthelloPlay - reach emply position 
2018-08-25 15:18:36,799 [5] DEBUG hololens_server20180722.Models.OthelloPlay - End CheckReverse 
2018-08-25 15:18:36,800 [5] DEBUG hololens_server20180722.Models.OthelloPlay - GetAdjcentPositions 26
2018-08-25 15:18:36,800 [5] DEBUG hololens_server20180722.Models.OthelloPlay - GetAdjcentPositions 26
2018-08-25 15:18:36,801 [5] DEBUG hololens_server20180722.Models.OthelloPlay - GetAdjcentPositions 26
2018-08-25 15:18:36,801 [5] DEBUG hololens_server20180722.Models.OthelloPlay - GetAdjcentPositions 26
2018-08-25 15:18:36,801 [5] DEBUG hololens_server20180722.Models.OthelloPlay - GetAdjcentPositions 26
2018-08-25 15:18:36,801 [5] DEBUG hololens_server20180722.Models.OthelloPlay - GetAdjcentPositions 26
2018-08-25 15:18:36,802 [5] DEBUG hololens_server20180722.Models.OthelloPlay - GetAdjcentPositions 26
2018-08-25 15:18:36,802 [5] DEBUG hololens_server20180722.Models.OthelloPlay - GetAdjcentPositions 26
2018-08-25 15:18:36,802 [5] DEBUG hololens_server20180722.Models.OthelloPlay - GetAdjcentPositions 26
2018-08-25 15:18:36,802 [5] DEBUG hololens_server20180722.Models.OthelloPlay - GetAdjcentPositions 26
2018-08-25 15:18:36,803 [5] DEBUG hololens_server20180722.Models.OthelloPlay - 512
2018-08-25 15:18:36,803 [5] INFO hololens_server20180722.Models.OthelloPlay - End UpdateStatus 
2018-08-25 15:18:36,803 [5] INFO hololens_server20180722.Controllers.ValuesController - End Post 
2018-08-25 15:18:39,808 [6] INFO hololens_server20180722.Controllers.ValuesController - Start Post status_update
2018-08-25 15:18:39,811 [6] INFO hololens_server20180722.Models.OthelloPlay - Start UpdateStatus 
2018-08-25 15:18:39,813 [6] DEBUG hololens_server20180722.Models.OthelloPlay - roomNumber is  20180825151821736
2018-08-25 15:18:39,815 [6] DEBUG hololens_server20180722.Models.OthelloPlay - Start CheckReverse Layer02-XRow06-ZCol05
2018-08-25 15:18:39,816 [6] DEBUG hololens_server20180722.Models.OthelloPlay - GetAdjcentPositions 26
2018-08-25 15:18:39,817 [6] DEBUG hololens_server20180722.Models.OthelloPlay - The last position color is 0 Not need CheckReverse 
2018-08-25 15:18:39,818 [6] DEBUG hololens_server20180722.Models.OthelloPlay - GetAdjcentPositions 26
2018-08-25 15:18:39,818 [6] DEBUG hololens_server20180722.Models.OthelloPlay - GetAdjcentPositions 26
2018-08-25 15:18:39,819 [6] DEBUG hololens_server20180722.Models.OthelloPlay - GetAdjcentPositions 26
2018-08-25 15:18:39,819 [6] DEBUG hololens_server20180722.Models.OthelloPlay - GetAdjcentPositions 26
2018-08-25 15:18:39,819 [6] DEBUG hololens_server20180722.Models.OthelloPlay - GetAdjcentPositions 26
2018-08-25 15:18:39,820 [6] DEBUG hololens_server20180722.Models.OthelloPlay - GetAdjcentPositions 26
2018-08-25 15:18:39,820 [6] DEBUG hololens_server20180722.Models.OthelloPlay - GetAdjcentPositions 26
2018-08-25 15:18:39,821 [6] DEBUG hololens_server20180722.Models.OthelloPlay - GetAdjcentPositions 26
2018-08-25 15:18:39,821 [6] DEBUG hololens_server20180722.Models.OthelloPlay - GetAdjcentPositions 26
2018-08-25 15:18:39,822 [6] DEBUG hololens_server20180722.Models.OthelloPlay - GetAdjcentPositions 26
2018-08-25 15:18:39,822 [6] DEBUG hololens_server20180722.Models.OthelloPlay - 512
2018-08-25 15:18:39,822 [6] INFO hololens_server20180722.Models.OthelloPlay - End UpdateStatus 
2018-08-25 15:18:39,823 [6] INFO hololens_server20180722.Controllers.ValuesController - End Post 
2018-08-25 15:18:42,818 [6] INFO hololens_server20180722.Controllers.ValuesController - Start Post status_update
2018-08-25 15:18:42,819 [6] INFO hololens_server20180722.Models.OthelloPlay - Start UpdateStatus 
2018-08-25 15:18:42,823 [6] DEBUG hololens_server20180722.Models.OthelloPlay - roomNumber is  20180825151821736
2018-08-25 15:18:42,823 [6] DEBUG hololens_server20180722.Models.OthelloPlay - Start CheckReverse Layer02-XRow06-ZCol05
2018-08-25 15:18:42,823 [6] DEBUG hololens_server20180722.Models.OthelloPlay - GetAdjcentPositions 26
2018-08-25 15:18:42,824 [6] DEBUG hololens_server20180722.Models.OthelloPlay - The last position color is 0 Not need CheckReverse 
2018-08-25 15:18:42,824 [6] DEBUG hololens_server20180722.Models.OthelloPlay - GetAdjcentPositions 26
2018-08-25 15:18:42,824 [6] DEBUG hololens_server20180722.Models.OthelloPlay - GetAdjcentPositions 26
2018-08-25 15:18:42,824 [6] DEBUG hololens_server20180722.Models.OthelloPlay - GetAdjcentPositions 26
2018-08-25 15:18:42,824 [6] DEBUG hololens_server20180722.Models.OthelloPlay - GetAdjcentPositions 26
2018-08-25 15:18:42,825 [6] DEBUG hololens_server20180722.Models.OthelloPlay - GetAdjcentPositions 26
2018-08-25 15:18:42,825 [6] DEBUG hololens_server20180722.Models.OthelloPlay - GetAdjcentPositions 26
2018-08-25 15:18:42,826 [6] DEBUG hololens_server20180722.Models.OthelloPlay - GetAdjcentPositions 26
2018-08-25 15:18:42,826 [6] DEBUG hololens_server20180722.Models.OthelloPlay - GetAdjcentPositions 26
2018-08-25 15:18:42,827 [6] DEBUG hololens_server20180722.Models.OthelloPlay - GetAdjcentPositions 26
2018-08-25 15:18:42,827 [6] DEBUG hololens_server20180722.Models.OthelloPlay - GetAdjcentPositions 26
2018-08-25 15:18:42,827 [6] DEBUG hololens_server20180722.Models.OthelloPlay - 512
2018-08-25 15:18:42,828 [6] INFO hololens_server20180722.Models.OthelloPlay - End UpdateStatus 
2018-08-25 15:18:42,828 [6] INFO hololens_server20180722.Controllers.ValuesController - End Post 
2018-08-25 15:18:45,836 [5] INFO hololens_server20180722.Controllers.ValuesController - Start Post status_update
2018-08-25 15:18:45,841 [5] INFO hololens_server20180722.Models.OthelloPlay - Start UpdateStatus 
2018-08-25 15:18:45,843 [5] DEBUG hololens_server20180722.Models.OthelloPlay - roomNumber is  20180825151821736
2018-08-25 15:18:45,844 [5] DEBUG hololens_server20180722.Models.OthelloPlay - Start CheckReverse Layer02-XRow06-ZCol05
2018-08-25 15:18:45,844 [5] DEBUG hololens_server20180722.Models.OthelloPlay - GetAdjcentPositions 26
2018-08-25 15:18:45,844 [5] DEBUG hololens_server20180722.Models.OthelloPlay - The last position color is 0 Not need CheckReverse 
2018-08-25 15:18:45,844 [5] DEBUG hololens_server20180722.Models.OthelloPlay - GetAdjcentPositions 26
2018-08-25 15:18:45,845 [5] DEBUG hololens_server20180722.Models.OthelloPlay - GetAdjcentPositions 26
2018-08-25 15:18:45,845 [5] DEBUG hololens_server20180722.Models.OthelloPlay - GetAdjcentPositions 26
2018-08-25 15:18:45,845 [5] DEBUG hololens_server20180722.Models.OthelloPlay - GetAdjcentPositions 26
2018-08-25 15:18:45,845 [5] DEBUG hololens_server20180722.Models.OthelloPlay - GetAdjcentPositions 26
2018-08-25 15:18:45,846 [5] DEBUG hololens_server20180722.Models.OthelloPlay - GetAdjcentPositions 26
2018-08-25 15:18:45,846 [5] DEBUG hololens_server20180722.Models.OthelloPlay - GetAdjcentPositions 26
2018-08-25 15:18:45,847 [5] DEBUG hololens_server20180722.Models.OthelloPlay - GetAdjcentPositions 26
2018-08-25 15:18:45,847 [5] DEBUG hololens_server20180722.Models.OthelloPlay - GetAdjcentPositions 26
2018-08-25 15:18:45,847 [5] DEBUG hololens_server20180722.Models.OthelloPlay - GetAdjcentPositions 26
2018-08-25 15:18:45,847 [5] DEBUG hololens_server20180722.Models.OthelloPlay - 512
2018-08-25 15:18:45,848 [5] INFO hololens_server20180722.Models.OthelloPlay - End UpdateStatus 
2018-08-25 15:18:45,848 [5] INFO hololens_server20180722.Controllers.ValuesController - End Post 
2018-08-25 15:18:48,851 [5] INFO hololens_server20180722.Controllers.ValuesController - Start Post status_update
2018-08-25 15:18:48,851 [5] INFO hololens_server20180722.Models.OthelloPlay - Start UpdateStatus 
2018-08-25 15:18:48,854 [5] DEBUG hololens_server20180722.Models.OthelloPlay - roomNumber is  20180825151821736
2018-08-25 15:18:48,854 [5] DEBUG hololens_server20180722.Models.OthelloPlay - Start CheckReverse Layer02-XRow06-ZCol05
2018-08-25 15:18:48,854 [5] DEBUG hololens_server20180722.Models.OthelloPlay - GetAdjcentPositions 26
2018-08-25 15:18:48,854 [5] DEBUG hololens_server20180722.Models.OthelloPlay - The last position color is 0 Not need CheckReverse 
2018-08-25 15:18:48,854 [5] DEBUG hololens_server20180722.Models.OthelloPlay - GetAdjcentPositions 26
2018-08-25 15:18:48,855 [5] DEBUG hololens_server20180722.Models.OthelloPlay - GetAdjcentPositions 26
2018-08-25 15:18:48,855 [5] DEBUG hololens_server20180722.Models.OthelloPlay - GetAdjcentPositions 26
2018-08-25 15:18:48,855 [5] DEBUG hololens_server20180722.Models.OthelloPlay - GetAdjcentPositions 26
2018-08-25 15:18:48,856 [5] DEBUG hololens_server20180722.Models.OthelloPlay - GetAdjcentPositions 26
2018-08-25 15:18:48,856 [5] DEBUG hololens_server20180722.Models.OthelloPlay - GetAdjcentPositions 26
2018-08-25 15:18:48,857 [5] DEBUG hololens_server20180722.Models.OthelloPlay - GetAdjcentPositions 26
2018-08-25 15:18:48,857 [5] DEBUG hololens_server20180722.Models.OthelloPlay - GetAdjcentPositions 26
2018-08-25 15:18:48,857 [5] DEBUG hololens_server20180722.Models.OthelloPlay - GetAdjcentPositions 26
2018-08-25 15:18:48,858 [5] DEBUG hololens_server20180722.Models.OthelloPlay - GetAdjcentPositions 26
2018-08-25 15:18:48,858 [5] DEBUG hololens_server20180722.Models.OthelloPlay - 512
2018-08-25 15:18:48,858 [5] INFO hololens_server20180722.Models.OthelloPlay - End UpdateStatus 
2018-08-25 15:18:48,858 [5] INFO hololens_server20180722.Controllers.ValuesController - End Post 
2018-08-25 15:18:51,852 [6] INFO hololens_server20180722.Controllers.ValuesController - Start Post status_update
2018-08-25 15:18:51,852 [6] INFO hololens_server20180722.Models.OthelloPlay - Start UpdateStatus 
2018-08-25 15:18:51,854 [6] DEBUG hololens_server20180722.Models.OthelloPlay - roomNumber is  20180825151821736
2018-08-25 15:18:51,855 [6] DEBUG hololens_server20180722.Models.OthelloPlay - Start CheckReverse Layer02-XRow06-ZCol05
2018-08-25 15:18:51,855 [6] DEBUG hololens_server20180722.Models.OthelloPlay - GetAdjcentPositions 26
2018-08-25 15:18:51,855 [6] DEBUG hololens_server20180722.Models.OthelloPlay - The last position color is 0 Not need CheckReverse 
2018-08-25 15:18:51,855 [6] DEBUG hololens_server20180722.Models.OthelloPlay - GetAdjcentPositions 26
2018-08-25 15:18:51,856 [6] DEBUG hololens_server20180722.Models.OthelloPlay - GetAdjcentPositions 26
2018-08-25 15:18:51,856 [6] DEBUG hololens_server20180722.Models.OthelloPlay - GetAdjcentPositions 26
2018-08-25 15:18:51,856 [6] DEBUG hololens_server20180722.Models.OthelloPlay - GetAdjcentPositions 26
2018-08-25 15:18:51,857 [6] DEBUG hololens_server20180722.Models.OthelloPlay - GetAdjcentPositions 26
2018-08-25 15:18:51,857 [6] DEBUG hololens_server20180722.Models.OthelloPlay - GetAdjcentPositions 26
2018-08-25 15:18:51,858 [6] DEBUG hololens_server20180722.Models.OthelloPlay - GetAdjcentPositions 26
2018-08-25 15:18:51,858 [6] DEBUG hololens_server20180722.Models.OthelloPlay - GetAdjcentPositions 26
2018-08-25 15:18:51,858 [6] DEBUG hololens_server20180722.Models.OthelloPlay - GetAdjcentPositions 26
2018-08-25 15:18:51,859 [6] DEBUG hololens_server20180722.Models.OthelloPlay - GetAdjcentPositions 26
2018-08-25 15:18:51,859 [6] DEBUG hololens_server20180722.Models.OthelloPlay - 512
2018-08-25 15:18:51,860 [6] INFO hololens_server20180722.Models.OthelloPlay - End UpdateStatus 
2018-08-25 15:18:51,860 [6] INFO hololens_server20180722.Controllers.ValuesController - End Post 
2018-08-25 15:18:54,868 [6] INFO hololens_server20180722.Controllers.ValuesController - Start Post status_update
2018-08-25 15:18:54,868 [6] INFO hololens_server20180722.Models.OthelloPlay - Start UpdateStatus 
2018-08-25 15:18:54,870 [6] DEBUG hololens_server20180722.Models.OthelloPlay - roomNumber is  20180825151821736
2018-08-25 15:18:54,871 [6] DEBUG hololens_server20180722.Models.OthelloPlay - Start CheckReverse Layer02-XRow06-ZCol05
2018-08-25 15:18:54,871 [6] DEBUG hololens_server20180722.Models.OthelloPlay - GetAdjcentPositions 26
2018-08-25 15:18:54,871 [6] DEBUG hololens_server20180722.Models.OthelloPlay - The last position color is 0 Not need CheckReverse 
2018-08-25 15:18:54,872 [6] DEBUG hololens_server20180722.Models.OthelloPlay - GetAdjcentPositions 26
2018-08-25 15:18:54,872 [6] DEBUG hololens_server20180722.Models.OthelloPlay - GetAdjcentPositions 26
2018-08-25 15:18:54,873 [6] DEBUG hololens_server20180722.Models.OthelloPlay - GetAdjcentPositions 26
2018-08-25 15:18:54,873 [6] DEBUG hololens_server20180722.Models.OthelloPlay - GetAdjcentPositions 26
2018-08-25 15:18:54,873 [6] DEBUG hololens_server20180722.Models.OthelloPlay - GetAdjcentPositions 26
2018-08-25 15:18:54,874 [6] DEBUG hololens_server20180722.Models.OthelloPlay - GetAdjcentPositions 26
2018-08-25 15:18:54,874 [6] DEBUG hololens_server20180722.Models.OthelloPlay - GetAdjcentPositions 26
2018-08-25 15:18:54,874 [6] DEBUG hololens_server20180722.Models.OthelloPlay - GetAdjcentPositions 26
2018-08-25 15:18:54,875 [6] DEBUG hololens_server20180722.Models.OthelloPlay - GetAdjcentPositions 26
2018-08-25 15:18:54,875 [6] DEBUG hololens_server20180722.Models.OthelloPlay - GetAdjcentPositions 26
2018-08-25 15:18:54,875 [6] DEBUG hololens_server20180722.Models.OthelloPlay - 512
2018-08-25 15:18:54,876 [6] INFO hololens_server20180722.Models.OthelloPlay - End UpdateStatus 
2018-08-25 15:18:54,876 [6] INFO hololens_server20180722.Controllers.ValuesController - End Post 
2018-08-25 15:18:57,862 [5] INFO hololens_server20180722.Controllers.ValuesController - Start Post status_update
2018-08-25 15:18:57,862 [5] INFO hololens_server20180722.Models.OthelloPlay - Start UpdateStatus 
2018-08-25 15:18:57,865 [5] DEBUG hololens_server20180722.Models.OthelloPlay - roomNumber is  20180825151821736
2018-08-25 15:18:57,865 [5] INFO hololens_server20180722.Models.CompPlay - Start ChangeStateComp Layer02-XRow06-ZCol05
2018-08-25 15:18:57,866 [5] DEBUG hololens_server20180722.Models.CompPlay - layerIndex 02 xRowIndex 06 zColIndex 05
2018-08-25 15:18:57,866 [5] DEBUG hololens_server20180722.Models.CompPlay - GetAdjcentPositions 26
2018-08-25 15:18:57,866 [5] INFO hololens_server20180722.Models.CompPlay - End ChangeStateComp Layer01-XRow05-ZCol04 2
2018-08-25 15:18:57,866 [5] DEBUG hololens_server20180722.Models.OthelloPlay - GetLastPosition Layer01-XRow05-ZCol04
2018-08-25 15:18:57,866 [5] DEBUG hololens_server20180722.Models.OthelloPlay - Start CheckReverse Layer01-XRow05-ZCol04
2018-08-25 15:18:57,867 [5] DEBUG hololens_server20180722.Models.OthelloPlay - GetAdjcentPositions 17
2018-08-25 15:18:57,867 [5] DEBUG hololens_server20180722.Models.OthelloPlay - reach emply position 
2018-08-25 15:18:57,867 [5] DEBUG hololens_server20180722.Models.OthelloPlay - End CheckReverse 
2018-08-25 15:18:57,868 [5] DEBUG hololens_server20180722.Models.OthelloPlay - GetAdjcentPositions 26
2018-08-25 15:18:57,868 [5] DEBUG hololens_server20180722.Models.OthelloPlay - GetAdjcentPositions 26
2018-08-25 15:18:57,868 [5] DEBUG hololens_server20180722.Models.OthelloPlay - GetAdjcentPositions 26
2018-08-25 15:18:57,870 [5] DEBUG hololens_server20180722.Models.OthelloPlay - GetAdjcentPositions 26
2018-08-25 15:18:57,871 [5] DEBUG hololens_server20180722.Models.OthelloPlay - GetAdjcentPositions 17
2018-08-25 15:18:57,871 [5] DEBUG hololens_server20180722.Models.OthelloPlay - GetAdjcentPositions 26
2018-08-25 15:18:57,872 [5] DEBUG hololens_server20180722.Models.OthelloPlay - GetAdjcentPositions 26
2018-08-25 15:18:57,872 [5] DEBUG hololens_server20180722.Models.OthelloPlay - GetAdjcentPositions 26
2018-08-25 15:18:57,872 [5] DEBUG hololens_server20180722.Models.OthelloPlay - GetAdjcentPositions 26
2018-08-25 15:18:57,873 [5] DEBUG hololens_server20180722.Models.OthelloPlay - GetAdjcentPositions 26
2018-08-25 15:18:57,873 [5] DEBUG hololens_server20180722.Models.OthelloPlay - GetAdjcentPositions 26
2018-08-25 15:18:57,874 [5] DEBUG hololens_server20180722.Models.OthelloPlay - GetAdjcentPositions 26
2018-08-25 15:18:57,874 [5] DEBUG hololens_server20180722.Models.OthelloPlay - 512
2018-08-25 15:18:57,874 [5] INFO hololens_server20180722.Models.OthelloPlay - End UpdateStatus 
2018-08-25 15:18:57,874 [5] INFO hololens_server20180722.Controllers.ValuesController - End Post 
2018-08-25 15:19:00,882 [5] INFO hololens_server20180722.Controllers.ValuesController - Start Post status_update
2018-08-25 15:19:00,882 [5] INFO hololens_server20180722.Models.OthelloPlay - Start UpdateStatus 
2018-08-25 15:19:00,888 [5] DEBUG hololens_server20180722.Models.OthelloPlay - roomNumber is  20180825151821736
2018-08-25 15:19:00,888 [5] DEBUG hololens_server20180722.Models.OthelloPlay - Start CheckReverse Layer01-XRow05-ZCol05
2018-08-25 15:19:00,896 [5] DEBUG hololens_server20180722.Models.OthelloPlay - GetAdjcentPositions 17
2018-08-25 15:19:00,896 [5] DEBUG hololens_server20180722.Models.OthelloPlay - The last position color is 0 Not need CheckReverse 
2018-08-25 15:19:00,897 [5] DEBUG hololens_server20180722.Models.OthelloPlay - GetAdjcentPositions 26
2018-08-25 15:19:00,897 [5] DEBUG hololens_server20180722.Models.OthelloPlay - GetAdjcentPositions 26
2018-08-25 15:19:00,897 [5] DEBUG hololens_server20180722.Models.OthelloPlay - GetAdjcentPositions 26
2018-08-25 15:19:00,898 [5] DEBUG hololens_server20180722.Models.OthelloPlay - GetAdjcentPositions 26
2018-08-25 15:19:00,898 [5] DEBUG hololens_server20180722.Models.OthelloPlay - GetAdjcentPositions 17
2018-08-25 15:19:00,898 [5] DEBUG hololens_server20180722.Models.OthelloPlay - GetAdjcentPositions 26
2018-08-25 15:19:00,899 [5] DEBUG hololens_server20180722.Models.OthelloPlay - GetAdjcentPositions 26
2018-08-25 15:19:00,900 [5] DEBUG hololens_server20180722.Models.OthelloPlay - GetAdjcentPositions 26
2018-08-25 15:19:00,900 [5] DEBUG hololens_server20180722.Models.OthelloPlay - GetAdjcentPositions 26
2018-08-25 15:19:00,901 [5] DEBUG hololens_server20180722.Models.OthelloPlay - GetAdjcentPositions 26
2018-08-25 15:19:00,901 [5] DEBUG hololens_server20180722.Models.OthelloPlay - GetAdjcentPositions 26
2018-08-25 15:19:00,911 [5] DEBUG hololens_server20180722.Models.OthelloPlay - GetAdjcentPositions 26
2018-08-25 15:19:00,912 [5] DEBUG hololens_server20180722.Models.OthelloPlay - 512
2018-08-25 15:19:00,912 [5] INFO hololens_server20180722.Models.OthelloPlay - End UpdateStatus 
2018-08-25 15:19:00,913 [5] INFO hololens_server20180722.Controllers.ValuesController - End Post 
2018-08-25 15:19:03,879 [5] INFO hololens_server20180722.Controllers.ValuesController - Start Post status_update
2018-08-25 15:19:03,879 [5] INFO hololens_server20180722.Models.OthelloPlay - Start UpdateStatus 
2018-08-25 15:19:03,884 [5] DEBUG hololens_server20180722.Models.OthelloPlay - roomNumber is  20180825151821736
2018-08-25 15:19:03,884 [5] DEBUG hololens_server20180722.Models.OthelloPlay - Start CheckReverse Layer01-XRow05-ZCol05
2018-08-25 15:19:03,884 [5] DEBUG hololens_server20180722.Models.OthelloPlay - GetAdjcentPositions 17
2018-08-25 15:19:03,884 [5] DEBUG hololens_server20180722.Models.OthelloPlay - The last position color is 0 Not need CheckReverse 
2018-08-25 15:19:03,885 [5] DEBUG hololens_server20180722.Models.OthelloPlay - GetAdjcentPositions 26
2018-08-25 15:19:03,885 [5] DEBUG hololens_server20180722.Models.OthelloPlay - GetAdjcentPositions 26
2018-08-25 15:19:03,886 [5] DEBUG hololens_server20180722.Models.OthelloPlay - GetAdjcentPositions 26
2018-08-25 15:19:03,886 [5] DEBUG hololens_server20180722.Models.OthelloPlay - GetAdjcentPositions 26
2018-08-25 15:19:03,886 [5] DEBUG hololens_server20180722.Models.OthelloPlay - GetAdjcentPositions 17
2018-08-25 15:19:03,887 [5] DEBUG hololens_server20180722.Models.OthelloPlay - GetAdjcentPositions 26
2018-08-25 15:19:03,887 [5] DEBUG hololens_server20180722.Models.OthelloPlay - GetAdjcentPositions 26
2018-08-25 15:19:03,888 [5] DEBUG hololens_server20180722.Models.OthelloPlay - GetAdjcentPositions 26
2018-08-25 15:19:03,888 [5] DEBUG hololens_server20180722.Models.OthelloPlay - GetAdjcentPositions 26
2018-08-25 15:19:03,888 [5] DEBUG hololens_server20180722.Models.OthelloPlay - GetAdjcentPositions 26
2018-08-25 15:19:03,889 [5] DEBUG hololens_server20180722.Models.OthelloPlay - GetAdjcentPositions 26
2018-08-25 15:19:03,889 [5] DEBUG hololens_server20180722.Models.OthelloPlay - GetAdjcentPositions 26
2018-08-25 15:19:03,890 [5] DEBUG hololens_server20180722.Models.OthelloPlay - 512
2018-08-25 15:19:03,890 [5] INFO hololens_server20180722.Models.OthelloPlay - End UpdateStatus 
2018-08-25 15:19:03,890 [5] INFO hololens_server20180722.Controllers.ValuesController - End Post 
