2018-08-25 07:42:26,148 [7] INFO hololens_server20180722.Controllers.ValuesController - Start Post status_update
2018-08-25 07:42:26,166 [7] INFO hololens_server20180722.Models.OthelloPlay - Start UpdateStatus 
2018-08-25 07:42:26,169 [7] DEBUG hololens_server20180722.Models.OthelloPlay - roomNumber is empty 
2018-08-25 07:42:26,175 [7] DEBUG hololens_server20180722.Models.OthelloPlay - Start CheckReverse Layer05-XRow04-ZCol03
2018-08-25 07:42:26,176 [7] DEBUG hololens_server20180722.Models.OthelloPlay - layerIndex 05 xRowIndex 04 zColIndex 03
2018-08-25 07:42:26,177 [7] DEBUG hololens_server20180722.Models.OthelloPlay - GetAdjcentPositions 26
2018-08-25 07:42:26,185 [7] DEBUG hololens_server20180722.Models.OthelloPlay - lastColor  nextColor 1 0
2018-08-25 07:42:26,186 [7] DEBUG hololens_server20180722.Models.OthelloPlay - reach emply position 
2018-08-25 07:42:26,186 [7] DEBUG hololens_server20180722.Models.OthelloPlay - lastColor  nextColor 1 1
2018-08-25 07:42:26,186 [7] DEBUG hololens_server20180722.Models.OthelloPlay - End CheckReverse 
2018-08-25 07:42:26,187 [7] DEBUG hololens_server20180722.Models.OthelloPlay - layerIndex 05 xRowIndex 04 zColIndex 03
2018-08-25 07:42:26,188 [7] DEBUG hololens_server20180722.Models.OthelloPlay - GetAdjcentPositions 26
2018-08-25 07:42:26,188 [7] DEBUG hololens_server20180722.Models.OthelloPlay - layerIndex 05 xRowIndex 04 zColIndex 04
2018-08-25 07:42:26,189 [7] DEBUG hololens_server20180722.Models.OthelloPlay - GetAdjcentPositions 26
2018-08-25 07:42:26,190 [7] DEBUG hololens_server20180722.Models.OthelloPlay - layerIndex 05 xRowIndex 04 zColIndex 05
2018-08-25 07:42:26,190 [7] DEBUG hololens_server20180722.Models.OthelloPlay - GetAdjcentPositions 26
2018-08-25 07:42:26,190 [7] DEBUG hololens_server20180722.Models.OthelloPlay - layerIndex 05 xRowIndex 05 zColIndex 04
2018-08-25 07:42:26,190 [7] DEBUG hololens_server20180722.Models.OthelloPlay - GetAdjcentPositions 26
2018-08-25 07:42:26,190 [7] DEBUG hololens_server20180722.Models.OthelloPlay - layerIndex 05 xRowIndex 05 zColIndex 05
2018-08-25 07:42:26,190 [7] DEBUG hololens_server20180722.Models.OthelloPlay - GetAdjcentPositions 26
2018-08-25 07:42:26,190 [7] DEBUG hololens_server20180722.Models.OthelloPlay - layerIndex 04 xRowIndex 04 zColIndex 04
2018-08-25 07:42:26,190 [7] DEBUG hololens_server20180722.Models.OthelloPlay - GetAdjcentPositions 26
2018-08-25 07:42:26,190 [7] DEBUG hololens_server20180722.Models.OthelloPlay - layerIndex 04 xRowIndex 04 zColIndex 05
2018-08-25 07:42:26,190 [7] DEBUG hololens_server20180722.Models.OthelloPlay - GetAdjcentPositions 26
2018-08-25 07:42:26,190 [7] DEBUG hololens_server20180722.Models.OthelloPlay - layerIndex 04 xRowIndex 05 zColIndex 04
2018-08-25 07:42:26,191 [7] DEBUG hololens_server20180722.Models.OthelloPlay - GetAdjcentPositions 26
2018-08-25 07:42:26,191 [7] DEBUG hololens_server20180722.Models.OthelloPlay - layerIndex 04 xRowIndex 05 zColIndex 05
2018-08-25 07:42:26,191 [7] DEBUG hololens_server20180722.Models.OthelloPlay - GetAdjcentPositions 26
2018-08-25 07:42:26,191 [7] DEBUG hololens_server20180722.Models.OthelloPlay - 512
2018-08-25 07:42:26,194 [7] INFO hololens_server20180722.Models.OthelloPlay - End UpdateStatus 
2018-08-25 07:42:26,194 [7] INFO hololens_server20180722.Controllers.ValuesController - End Post 
2018-08-25 07:42:28,571 [7] INFO hololens_server20180722.Controllers.ValuesController - Start Post status_update
2018-08-25 07:42:28,571 [7] INFO hololens_server20180722.Models.OthelloPlay - Start UpdateStatus 
2018-08-25 07:42:28,573 [7] DEBUG hololens_server20180722.Models.OthelloPlay - roomNumber is empty 
2018-08-25 07:42:28,574 [7] DEBUG hololens_server20180722.Models.OthelloPlay - Start CheckReverse Layer05-XRow03-ZCol03
2018-08-25 07:42:28,574 [7] DEBUG hololens_server20180722.Models.OthelloPlay - layerIndex 05 xRowIndex 03 zColIndex 03
2018-08-25 07:42:28,574 [7] DEBUG hololens_server20180722.Models.OthelloPlay - GetAdjcentPositions 26
2018-08-25 07:42:28,574 [7] DEBUG hololens_server20180722.Models.OthelloPlay - lastColor  nextColor 2 0
2018-08-25 07:42:28,574 [7] DEBUG hololens_server20180722.Models.OthelloPlay - reach emply position 
2018-08-25 07:42:28,574 [7] DEBUG hololens_server20180722.Models.OthelloPlay - lastColor  nextColor 2 0
2018-08-25 07:42:28,574 [7] DEBUG hololens_server20180722.Models.OthelloPlay - reach emply position 
2018-08-25 07:42:28,574 [7] DEBUG hololens_server20180722.Models.OthelloPlay - lastColor  nextColor 2 2
2018-08-25 07:42:28,575 [7] DEBUG hololens_server20180722.Models.OthelloPlay - End CheckReverse 
2018-08-25 07:42:28,575 [7] DEBUG hololens_server20180722.Models.OthelloPlay - layerIndex 05 xRowIndex 03 zColIndex 03
2018-08-25 07:42:28,575 [7] DEBUG hololens_server20180722.Models.OthelloPlay - GetAdjcentPositions 26
2018-08-25 07:42:28,575 [7] DEBUG hololens_server20180722.Models.OthelloPlay - layerIndex 05 xRowIndex 04 zColIndex 03
2018-08-25 07:42:28,575 [7] DEBUG hololens_server20180722.Models.OthelloPlay - GetAdjcentPositions 26
2018-08-25 07:42:28,575 [7] DEBUG hololens_server20180722.Models.OthelloPlay - layerIndex 05 xRowIndex 04 zColIndex 04
2018-08-25 07:42:28,576 [7] DEBUG hololens_server20180722.Models.OthelloPlay - GetAdjcentPositions 26
2018-08-25 07:42:28,576 [7] DEBUG hololens_server20180722.Models.OthelloPlay - layerIndex 05 xRowIndex 04 zColIndex 05
2018-08-25 07:42:28,576 [7] DEBUG hololens_server20180722.Models.OthelloPlay - GetAdjcentPositions 26
2018-08-25 07:42:28,576 [7] DEBUG hololens_server20180722.Models.OthelloPlay - layerIndex 05 xRowIndex 05 zColIndex 04
2018-08-25 07:42:28,576 [7] DEBUG hololens_server20180722.Models.OthelloPlay - GetAdjcentPositions 26
2018-08-25 07:42:28,576 [7] DEBUG hololens_server20180722.Models.OthelloPlay - layerIndex 05 xRowIndex 05 zColIndex 05
2018-08-25 07:42:28,577 [7] DEBUG hololens_server20180722.Models.OthelloPlay - GetAdjcentPositions 26
2018-08-25 07:42:28,577 [7] DEBUG hololens_server20180722.Models.OthelloPlay - layerIndex 04 xRowIndex 04 zColIndex 04
2018-08-25 07:42:28,577 [7] DEBUG hololens_server20180722.Models.OthelloPlay - GetAdjcentPositions 26
2018-08-25 07:42:28,577 [7] DEBUG hololens_server20180722.Models.OthelloPlay - layerIndex 04 xRowIndex 04 zColIndex 05
2018-08-25 07:42:28,577 [7] DEBUG hololens_server20180722.Models.OthelloPlay - GetAdjcentPositions 26
2018-08-25 07:42:28,577 [7] DEBUG hololens_server20180722.Models.OthelloPlay - layerIndex 04 xRowIndex 05 zColIndex 04
2018-08-25 07:42:28,578 [7] DEBUG hololens_server20180722.Models.OthelloPlay - GetAdjcentPositions 26
2018-08-25 07:42:28,578 [7] DEBUG hololens_server20180722.Models.OthelloPlay - layerIndex 04 xRowIndex 05 zColIndex 05
2018-08-25 07:42:28,578 [7] DEBUG hololens_server20180722.Models.OthelloPlay - GetAdjcentPositions 26
2018-08-25 07:42:28,578 [7] DEBUG hololens_server20180722.Models.OthelloPlay - 512
2018-08-25 07:42:28,578 [7] INFO hololens_server20180722.Models.OthelloPlay - End UpdateStatus 
2018-08-25 07:42:28,578 [7] INFO hololens_server20180722.Controllers.ValuesController - End Post 
2018-08-25 07:42:31,564 [8] INFO hololens_server20180722.Controllers.ValuesController - Start Post status_update
2018-08-25 07:42:31,565 [8] INFO hololens_server20180722.Models.OthelloPlay - Start UpdateStatus 
2018-08-25 07:42:31,567 [8] DEBUG hololens_server20180722.Models.OthelloPlay - roomNumber is empty 
2018-08-25 07:42:31,567 [8] DEBUG hololens_server20180722.Models.OthelloPlay - Start CheckReverse Layer04-XRow04-ZCol06
2018-08-25 07:42:31,568 [8] DEBUG hololens_server20180722.Models.OthelloPlay - layerIndex 04 xRowIndex 04 zColIndex 06
2018-08-25 07:42:31,568 [8] DEBUG hololens_server20180722.Models.OthelloPlay - GetAdjcentPositions 26
2018-08-25 07:42:31,568 [8] DEBUG hololens_server20180722.Models.OthelloPlay - lastColor  nextColor 1 1
2018-08-25 07:42:31,568 [8] DEBUG hololens_server20180722.Models.OthelloPlay - lastColor  nextColor 1 0
2018-08-25 07:42:31,569 [8] DEBUG hololens_server20180722.Models.OthelloPlay - reach emply position 
2018-08-25 07:42:31,569 [8] DEBUG hololens_server20180722.Models.OthelloPlay - End CheckReverse 
2018-08-25 07:42:31,569 [8] DEBUG hololens_server20180722.Models.OthelloPlay - layerIndex 05 xRowIndex 03 zColIndex 03
2018-08-25 07:42:31,569 [8] DEBUG hololens_server20180722.Models.OthelloPlay - GetAdjcentPositions 26
2018-08-25 07:42:31,569 [8] DEBUG hololens_server20180722.Models.OthelloPlay - layerIndex 05 xRowIndex 04 zColIndex 03
2018-08-25 07:42:31,569 [8] DEBUG hololens_server20180722.Models.OthelloPlay - GetAdjcentPositions 26
2018-08-25 07:42:31,570 [8] DEBUG hololens_server20180722.Models.OthelloPlay - layerIndex 05 xRowIndex 04 zColIndex 04
2018-08-25 07:42:31,570 [8] DEBUG hololens_server20180722.Models.OthelloPlay - GetAdjcentPositions 26
2018-08-25 07:42:31,570 [8] DEBUG hololens_server20180722.Models.OthelloPlay - layerIndex 05 xRowIndex 04 zColIndex 05
2018-08-25 07:42:31,571 [8] DEBUG hololens_server20180722.Models.OthelloPlay - GetAdjcentPositions 26
2018-08-25 07:42:31,571 [8] DEBUG hololens_server20180722.Models.OthelloPlay - layerIndex 05 xRowIndex 05 zColIndex 04
2018-08-25 07:42:31,571 [8] DEBUG hololens_server20180722.Models.OthelloPlay - GetAdjcentPositions 26
2018-08-25 07:42:31,571 [8] DEBUG hololens_server20180722.Models.OthelloPlay - layerIndex 05 xRowIndex 05 zColIndex 05
2018-08-25 07:42:31,572 [8] DEBUG hololens_server20180722.Models.OthelloPlay - GetAdjcentPositions 26
2018-08-25 07:42:31,572 [8] DEBUG hololens_server20180722.Models.OthelloPlay - layerIndex 04 xRowIndex 04 zColIndex 04
2018-08-25 07:42:31,572 [8] DEBUG hololens_server20180722.Models.OthelloPlay - GetAdjcentPositions 26
2018-08-25 07:42:31,572 [8] DEBUG hololens_server20180722.Models.OthelloPlay - layerIndex 04 xRowIndex 04 zColIndex 05
2018-08-25 07:42:31,572 [8] DEBUG hololens_server20180722.Models.OthelloPlay - GetAdjcentPositions 26
2018-08-25 07:42:31,572 [8] DEBUG hololens_server20180722.Models.OthelloPlay - layerIndex 04 xRowIndex 04 zColIndex 06
2018-08-25 07:42:31,573 [8] DEBUG hololens_server20180722.Models.OthelloPlay - GetAdjcentPositions 26
2018-08-25 07:42:31,573 [8] DEBUG hololens_server20180722.Models.OthelloPlay - layerIndex 04 xRowIndex 05 zColIndex 04
2018-08-25 07:42:31,573 [8] DEBUG hololens_server20180722.Models.OthelloPlay - GetAdjcentPositions 26
2018-08-25 07:42:31,573 [8] DEBUG hololens_server20180722.Models.OthelloPlay - layerIndex 04 xRowIndex 05 zColIndex 05
2018-08-25 07:42:31,573 [8] DEBUG hololens_server20180722.Models.OthelloPlay - GetAdjcentPositions 26
2018-08-25 07:42:31,574 [8] DEBUG hololens_server20180722.Models.OthelloPlay - 512
2018-08-25 07:42:31,574 [8] INFO hololens_server20180722.Models.OthelloPlay - End UpdateStatus 
2018-08-25 07:42:31,574 [8] INFO hololens_server20180722.Controllers.ValuesController - End Post 
2018-08-25 07:42:34,798 [7] INFO hololens_server20180722.Controllers.ValuesController - Start Post status_update
2018-08-25 07:42:34,798 [7] INFO hololens_server20180722.Models.OthelloPlay - Start UpdateStatus 
2018-08-25 07:42:34,800 [7] DEBUG hololens_server20180722.Models.OthelloPlay - roomNumber is empty 
2018-08-25 07:42:34,801 [7] DEBUG hololens_server20180722.Models.OthelloPlay - Start CheckReverse Layer03-XRow04-ZCol04
2018-08-25 07:42:34,801 [7] DEBUG hololens_server20180722.Models.OthelloPlay - layerIndex 03 xRowIndex 04 zColIndex 04
2018-08-25 07:42:34,801 [7] DEBUG hololens_server20180722.Models.OthelloPlay - GetAdjcentPositions 26
2018-08-25 07:42:34,801 [7] DEBUG hololens_server20180722.Models.OthelloPlay - lastColor  nextColor 2 2
2018-08-25 07:42:34,801 [7] DEBUG hololens_server20180722.Models.OthelloPlay - lastColor  nextColor 2 0
2018-08-25 07:42:34,801 [7] DEBUG hololens_server20180722.Models.OthelloPlay - reach emply position 
2018-08-25 07:42:34,801 [7] DEBUG hololens_server20180722.Models.OthelloPlay - lastColor  nextColor 2 0
2018-08-25 07:42:34,801 [7] DEBUG hololens_server20180722.Models.OthelloPlay - reach emply position 
2018-08-25 07:42:34,802 [7] DEBUG hololens_server20180722.Models.OthelloPlay - End CheckReverse 
2018-08-25 07:42:34,802 [7] DEBUG hololens_server20180722.Models.OthelloPlay - layerIndex 05 xRowIndex 03 zColIndex 03
2018-08-25 07:42:34,802 [7] DEBUG hololens_server20180722.Models.OthelloPlay - GetAdjcentPositions 26
2018-08-25 07:42:34,802 [7] DEBUG hololens_server20180722.Models.OthelloPlay - layerIndex 05 xRowIndex 04 zColIndex 03
2018-08-25 07:42:34,802 [7] DEBUG hololens_server20180722.Models.OthelloPlay - GetAdjcentPositions 26
2018-08-25 07:42:34,802 [7] DEBUG hololens_server20180722.Models.OthelloPlay - layerIndex 05 xRowIndex 04 zColIndex 04
2018-08-25 07:42:34,802 [7] DEBUG hololens_server20180722.Models.OthelloPlay - GetAdjcentPositions 26
2018-08-25 07:42:34,802 [7] DEBUG hololens_server20180722.Models.OthelloPlay - layerIndex 05 xRowIndex 04 zColIndex 05
2018-08-25 07:42:34,803 [7] DEBUG hololens_server20180722.Models.OthelloPlay - GetAdjcentPositions 26
2018-08-25 07:42:34,803 [7] DEBUG hololens_server20180722.Models.OthelloPlay - layerIndex 05 xRowIndex 05 zColIndex 04
2018-08-25 07:42:34,803 [7] DEBUG hololens_server20180722.Models.OthelloPlay - GetAdjcentPositions 26
2018-08-25 07:42:34,803 [7] DEBUG hololens_server20180722.Models.OthelloPlay - layerIndex 05 xRowIndex 05 zColIndex 05
2018-08-25 07:42:34,803 [7] DEBUG hololens_server20180722.Models.OthelloPlay - GetAdjcentPositions 26
2018-08-25 07:42:34,803 [7] DEBUG hololens_server20180722.Models.OthelloPlay - layerIndex 04 xRowIndex 04 zColIndex 04
2018-08-25 07:42:34,804 [7] DEBUG hololens_server20180722.Models.OthelloPlay - GetAdjcentPositions 26
2018-08-25 07:42:34,804 [7] DEBUG hololens_server20180722.Models.OthelloPlay - layerIndex 04 xRowIndex 04 zColIndex 05
2018-08-25 07:42:34,804 [7] DEBUG hololens_server20180722.Models.OthelloPlay - GetAdjcentPositions 26
2018-08-25 07:42:34,804 [7] DEBUG hololens_server20180722.Models.OthelloPlay - layerIndex 04 xRowIndex 04 zColIndex 06
2018-08-25 07:42:34,804 [7] DEBUG hololens_server20180722.Models.OthelloPlay - GetAdjcentPositions 26
2018-08-25 07:42:34,804 [7] DEBUG hololens_server20180722.Models.OthelloPlay - layerIndex 04 xRowIndex 05 zColIndex 04
2018-08-25 07:42:34,805 [7] DEBUG hololens_server20180722.Models.OthelloPlay - GetAdjcentPositions 26
2018-08-25 07:42:34,805 [7] DEBUG hololens_server20180722.Models.OthelloPlay - layerIndex 04 xRowIndex 05 zColIndex 05
2018-08-25 07:42:34,805 [7] DEBUG hololens_server20180722.Models.OthelloPlay - GetAdjcentPositions 26
2018-08-25 07:42:34,805 [7] DEBUG hololens_server20180722.Models.OthelloPlay - layerIndex 03 xRowIndex 04 zColIndex 04
2018-08-25 07:42:34,805 [7] DEBUG hololens_server20180722.Models.OthelloPlay - GetAdjcentPositions 26
2018-08-25 07:42:34,805 [7] DEBUG hololens_server20180722.Models.OthelloPlay - 512
2018-08-25 07:42:34,805 [7] INFO hololens_server20180722.Models.OthelloPlay - End UpdateStatus 
2018-08-25 07:42:34,805 [7] INFO hololens_server20180722.Controllers.ValuesController - End Post 
2018-08-25 07:42:37,807 [7] INFO hololens_server20180722.Controllers.ValuesController - Start Post status_update
2018-08-25 07:42:37,807 [7] INFO hololens_server20180722.Models.OthelloPlay - Start UpdateStatus 
2018-08-25 07:42:37,819 [7] DEBUG hololens_server20180722.Models.OthelloPlay - roomNumber is  tempNumber
2018-08-25 07:42:37,823 [7] DEBUG hololens_server20180722.Models.OthelloPlay - Start CheckReverse Layer03-XRow03-ZCol04
2018-08-25 07:42:37,827 [7] DEBUG hololens_server20180722.Models.OthelloPlay - layerIndex 03 xRowIndex 03 zColIndex 04
2018-08-25 07:42:37,827 [7] DEBUG hololens_server20180722.Models.OthelloPlay - GetAdjcentPositions 26
2018-08-25 07:42:37,827 [7] DEBUG hololens_server20180722.Models.OthelloPlay - The last position color is 0 Not need CheckReverse 
2018-08-25 07:42:37,827 [7] DEBUG hololens_server20180722.Models.OthelloPlay - layerIndex 05 xRowIndex 04 zColIndex 04
2018-08-25 07:42:37,827 [7] DEBUG hololens_server20180722.Models.OthelloPlay - GetAdjcentPositions 26
2018-08-25 07:42:37,828 [7] DEBUG hololens_server20180722.Models.OthelloPlay - layerIndex 05 xRowIndex 04 zColIndex 05
2018-08-25 07:42:37,828 [7] DEBUG hololens_server20180722.Models.OthelloPlay - GetAdjcentPositions 26
2018-08-25 07:42:37,828 [7] DEBUG hololens_server20180722.Models.OthelloPlay - layerIndex 05 xRowIndex 05 zColIndex 04
2018-08-25 07:42:37,829 [7] DEBUG hololens_server20180722.Models.OthelloPlay - GetAdjcentPositions 26
2018-08-25 07:42:37,829 [7] DEBUG hololens_server20180722.Models.OthelloPlay - layerIndex 05 xRowIndex 05 zColIndex 05
2018-08-25 07:42:37,830 [7] DEBUG hololens_server20180722.Models.OthelloPlay - GetAdjcentPositions 26
2018-08-25 07:42:37,830 [7] DEBUG hololens_server20180722.Models.OthelloPlay - layerIndex 04 xRowIndex 04 zColIndex 04
2018-08-25 07:42:37,830 [7] DEBUG hololens_server20180722.Models.OthelloPlay - GetAdjcentPositions 26
2018-08-25 07:42:37,830 [7] DEBUG hololens_server20180722.Models.OthelloPlay - layerIndex 04 xRowIndex 04 zColIndex 05
2018-08-25 07:42:37,831 [7] DEBUG hololens_server20180722.Models.OthelloPlay - GetAdjcentPositions 26
2018-08-25 07:42:37,831 [7] DEBUG hololens_server20180722.Models.OthelloPlay - layerIndex 04 xRowIndex 05 zColIndex 04
2018-08-25 07:42:37,833 [7] DEBUG hololens_server20180722.Models.OthelloPlay - GetAdjcentPositions 26
2018-08-25 07:42:37,834 [7] DEBUG hololens_server20180722.Models.OthelloPlay - layerIndex 04 xRowIndex 05 zColIndex 05
2018-08-25 07:42:37,834 [7] DEBUG hololens_server20180722.Models.OthelloPlay - GetAdjcentPositions 26
2018-08-25 07:42:37,834 [7] DEBUG hololens_server20180722.Models.OthelloPlay - 512
2018-08-25 07:42:37,836 [7] INFO hololens_server20180722.Models.OthelloPlay - End UpdateStatus 
2018-08-25 07:42:37,836 [7] INFO hololens_server20180722.Controllers.ValuesController - End Post 
2018-08-25 07:42:40,814 [7] INFO hololens_server20180722.Controllers.ValuesController - Start Post status_update
2018-08-25 07:42:40,814 [7] INFO hololens_server20180722.Models.OthelloPlay - Start UpdateStatus 
2018-08-25 07:42:40,816 [7] DEBUG hololens_server20180722.Models.OthelloPlay - roomNumber is  20180825074237823
2018-08-25 07:42:40,816 [7] DEBUG hololens_server20180722.Models.OthelloPlay - Start CheckReverse Layer03-XRow03-ZCol04
2018-08-25 07:42:40,816 [7] DEBUG hololens_server20180722.Models.OthelloPlay - layerIndex 03 xRowIndex 03 zColIndex 04
2018-08-25 07:42:40,816 [7] DEBUG hololens_server20180722.Models.OthelloPlay - GetAdjcentPositions 26
2018-08-25 07:42:40,816 [7] DEBUG hololens_server20180722.Models.OthelloPlay - The last position color is 0 Not need CheckReverse 
2018-08-25 07:42:40,816 [7] DEBUG hololens_server20180722.Models.OthelloPlay - layerIndex 05 xRowIndex 04 zColIndex 04
2018-08-25 07:42:40,817 [7] DEBUG hololens_server20180722.Models.OthelloPlay - GetAdjcentPositions 26
2018-08-25 07:42:40,817 [7] DEBUG hololens_server20180722.Models.OthelloPlay - layerIndex 05 xRowIndex 04 zColIndex 05
2018-08-25 07:42:40,817 [7] DEBUG hololens_server20180722.Models.OthelloPlay - GetAdjcentPositions 26
2018-08-25 07:42:40,818 [7] DEBUG hololens_server20180722.Models.OthelloPlay - layerIndex 05 xRowIndex 05 zColIndex 04
2018-08-25 07:42:40,818 [7] DEBUG hololens_server20180722.Models.OthelloPlay - GetAdjcentPositions 26
2018-08-25 07:42:40,818 [7] DEBUG hololens_server20180722.Models.OthelloPlay - layerIndex 05 xRowIndex 05 zColIndex 05
2018-08-25 07:42:40,818 [7] DEBUG hololens_server20180722.Models.OthelloPlay - GetAdjcentPositions 26
2018-08-25 07:42:40,819 [7] DEBUG hololens_server20180722.Models.OthelloPlay - layerIndex 04 xRowIndex 04 zColIndex 04
2018-08-25 07:42:40,819 [7] DEBUG hololens_server20180722.Models.OthelloPlay - GetAdjcentPositions 26
2018-08-25 07:42:40,819 [7] DEBUG hololens_server20180722.Models.OthelloPlay - layerIndex 04 xRowIndex 04 zColIndex 05
2018-08-25 07:42:40,819 [7] DEBUG hololens_server20180722.Models.OthelloPlay - GetAdjcentPositions 26
2018-08-25 07:42:40,819 [7] DEBUG hololens_server20180722.Models.OthelloPlay - layerIndex 04 xRowIndex 05 zColIndex 04
2018-08-25 07:42:40,820 [7] DEBUG hololens_server20180722.Models.OthelloPlay - GetAdjcentPositions 26
2018-08-25 07:42:40,820 [7] DEBUG hololens_server20180722.Models.OthelloPlay - layerIndex 04 xRowIndex 05 zColIndex 05
2018-08-25 07:42:40,820 [7] DEBUG hololens_server20180722.Models.OthelloPlay - GetAdjcentPositions 26
2018-08-25 07:42:40,820 [7] DEBUG hololens_server20180722.Models.OthelloPlay - 512
2018-08-25 07:42:40,821 [7] INFO hololens_server20180722.Models.OthelloPlay - End UpdateStatus 
2018-08-25 07:42:40,821 [7] INFO hololens_server20180722.Controllers.ValuesController - End Post 
2018-08-25 07:42:43,816 [7] INFO hololens_server20180722.Controllers.ValuesController - Start Post status_update
2018-08-25 07:42:43,816 [7] INFO hololens_server20180722.Models.OthelloPlay - Start UpdateStatus 
2018-08-25 07:42:43,818 [7] DEBUG hololens_server20180722.Models.OthelloPlay - roomNumber is  20180825074237823
2018-08-25 07:42:43,818 [7] DEBUG hololens_server20180722.Models.OthelloPlay - Start CheckReverse Layer06-XRow06-ZCol06
2018-08-25 07:42:43,818 [7] DEBUG hololens_server20180722.Models.OthelloPlay - layerIndex 06 xRowIndex 06 zColIndex 06
2018-08-25 07:42:43,819 [7] DEBUG hololens_server20180722.Models.OthelloPlay - GetAdjcentPositions 26
2018-08-25 07:42:43,819 [7] DEBUG hololens_server20180722.Models.OthelloPlay - The last position color is 0 Not need CheckReverse 
2018-08-25 07:42:43,819 [7] DEBUG hololens_server20180722.Models.OthelloPlay - layerIndex 05 xRowIndex 04 zColIndex 04
2018-08-25 07:42:43,819 [7] DEBUG hololens_server20180722.Models.OthelloPlay - GetAdjcentPositions 26
2018-08-25 07:42:43,819 [7] DEBUG hololens_server20180722.Models.OthelloPlay - layerIndex 05 xRowIndex 04 zColIndex 05
2018-08-25 07:42:43,820 [7] DEBUG hololens_server20180722.Models.OthelloPlay - GetAdjcentPositions 26
2018-08-25 07:42:43,820 [7] DEBUG hololens_server20180722.Models.OthelloPlay - layerIndex 05 xRowIndex 05 zColIndex 04
2018-08-25 07:42:43,820 [7] DEBUG hololens_server20180722.Models.OthelloPlay - GetAdjcentPositions 26
2018-08-25 07:42:43,820 [7] DEBUG hololens_server20180722.Models.OthelloPlay - layerIndex 05 xRowIndex 05 zColIndex 05
2018-08-25 07:42:43,820 [7] DEBUG hololens_server20180722.Models.OthelloPlay - GetAdjcentPositions 26
2018-08-25 07:42:43,820 [7] DEBUG hololens_server20180722.Models.OthelloPlay - layerIndex 04 xRowIndex 04 zColIndex 04
2018-08-25 07:42:43,821 [7] DEBUG hololens_server20180722.Models.OthelloPlay - GetAdjcentPositions 26
2018-08-25 07:42:43,821 [7] DEBUG hololens_server20180722.Models.OthelloPlay - layerIndex 04 xRowIndex 04 zColIndex 05
2018-08-25 07:42:43,822 [7] DEBUG hololens_server20180722.Models.OthelloPlay - GetAdjcentPositions 26
2018-08-25 07:42:43,822 [7] DEBUG hololens_server20180722.Models.OthelloPlay - layerIndex 04 xRowIndex 05 zColIndex 04
2018-08-25 07:42:43,822 [7] DEBUG hololens_server20180722.Models.OthelloPlay - GetAdjcentPositions 26
2018-08-25 07:42:43,822 [7] DEBUG hololens_server20180722.Models.OthelloPlay - layerIndex 04 xRowIndex 05 zColIndex 05
2018-08-25 07:42:43,823 [7] DEBUG hololens_server20180722.Models.OthelloPlay - GetAdjcentPositions 26
2018-08-25 07:42:43,823 [7] DEBUG hololens_server20180722.Models.OthelloPlay - 512
2018-08-25 07:42:43,823 [7] INFO hololens_server20180722.Models.OthelloPlay - End UpdateStatus 
2018-08-25 07:42:43,824 [7] INFO hololens_server20180722.Controllers.ValuesController - End Post 
2018-08-25 07:42:46,823 [8] INFO hololens_server20180722.Controllers.ValuesController - Start Post status_update
2018-08-25 07:42:46,823 [8] INFO hololens_server20180722.Models.OthelloPlay - Start UpdateStatus 
2018-08-25 07:42:46,826 [8] DEBUG hololens_server20180722.Models.OthelloPlay - roomNumber is  20180825074237823
2018-08-25 07:42:46,826 [8] DEBUG hololens_server20180722.Models.OthelloPlay - Start CheckReverse Layer06-XRow06-ZCol06
2018-08-25 07:42:46,826 [8] DEBUG hololens_server20180722.Models.OthelloPlay - layerIndex 06 xRowIndex 06 zColIndex 06
2018-08-25 07:42:46,826 [8] DEBUG hololens_server20180722.Models.OthelloPlay - GetAdjcentPositions 26
2018-08-25 07:42:46,826 [8] DEBUG hololens_server20180722.Models.OthelloPlay - The last position color is 0 Not need CheckReverse 
2018-08-25 07:42:46,826 [8] DEBUG hololens_server20180722.Models.OthelloPlay - layerIndex 05 xRowIndex 04 zColIndex 04
2018-08-25 07:42:46,827 [8] DEBUG hololens_server20180722.Models.OthelloPlay - GetAdjcentPositions 26
2018-08-25 07:42:46,827 [8] DEBUG hololens_server20180722.Models.OthelloPlay - layerIndex 05 xRowIndex 04 zColIndex 05
2018-08-25 07:42:46,827 [8] DEBUG hololens_server20180722.Models.OthelloPlay - GetAdjcentPositions 26
2018-08-25 07:42:46,827 [8] DEBUG hololens_server20180722.Models.OthelloPlay - layerIndex 05 xRowIndex 05 zColIndex 04
2018-08-25 07:42:46,828 [8] DEBUG hololens_server20180722.Models.OthelloPlay - GetAdjcentPositions 26
2018-08-25 07:42:46,828 [8] DEBUG hololens_server20180722.Models.OthelloPlay - layerIndex 05 xRowIndex 05 zColIndex 05
2018-08-25 07:42:46,828 [8] DEBUG hololens_server20180722.Models.OthelloPlay - GetAdjcentPositions 26
2018-08-25 07:42:46,828 [8] DEBUG hololens_server20180722.Models.OthelloPlay - layerIndex 04 xRowIndex 04 zColIndex 04
2018-08-25 07:42:46,828 [8] DEBUG hololens_server20180722.Models.OthelloPlay - GetAdjcentPositions 26
2018-08-25 07:42:46,828 [8] DEBUG hololens_server20180722.Models.OthelloPlay - layerIndex 04 xRowIndex 04 zColIndex 05
2018-08-25 07:42:46,829 [8] DEBUG hololens_server20180722.Models.OthelloPlay - GetAdjcentPositions 26
2018-08-25 07:42:46,829 [8] DEBUG hololens_server20180722.Models.OthelloPlay - layerIndex 04 xRowIndex 05 zColIndex 04
2018-08-25 07:42:46,829 [8] DEBUG hololens_server20180722.Models.OthelloPlay - GetAdjcentPositions 26
2018-08-25 07:42:46,829 [8] DEBUG hololens_server20180722.Models.OthelloPlay - layerIndex 04 xRowIndex 05 zColIndex 05
2018-08-25 07:42:46,830 [8] DEBUG hololens_server20180722.Models.OthelloPlay - GetAdjcentPositions 26
2018-08-25 07:42:46,830 [8] DEBUG hololens_server20180722.Models.OthelloPlay - 512
2018-08-25 07:42:46,830 [8] INFO hololens_server20180722.Models.OthelloPlay - End UpdateStatus 
2018-08-25 07:42:46,831 [8] INFO hololens_server20180722.Controllers.ValuesController - End Post 
2018-08-25 07:42:49,830 [8] INFO hololens_server20180722.Controllers.ValuesController - Start Post status_update
2018-08-25 07:42:49,830 [8] INFO hololens_server20180722.Models.OthelloPlay - Start UpdateStatus 
2018-08-25 07:42:49,834 [8] DEBUG hololens_server20180722.Models.OthelloPlay - roomNumber is  20180825074237823
2018-08-25 07:42:49,834 [8] DEBUG hololens_server20180722.Models.OthelloPlay - Start CheckReverse Layer06-XRow06-ZCol06
2018-08-25 07:42:49,835 [8] DEBUG hololens_server20180722.Models.OthelloPlay - layerIndex 06 xRowIndex 06 zColIndex 06
2018-08-25 07:42:49,835 [8] DEBUG hololens_server20180722.Models.OthelloPlay - GetAdjcentPositions 26
2018-08-25 07:42:49,835 [8] DEBUG hololens_server20180722.Models.OthelloPlay - The last position color is 0 Not need CheckReverse 
2018-08-25 07:42:49,836 [8] DEBUG hololens_server20180722.Models.OthelloPlay - layerIndex 05 xRowIndex 04 zColIndex 04
2018-08-25 07:42:49,836 [8] DEBUG hololens_server20180722.Models.OthelloPlay - GetAdjcentPositions 26
2018-08-25 07:42:49,837 [8] DEBUG hololens_server20180722.Models.OthelloPlay - layerIndex 05 xRowIndex 04 zColIndex 05
2018-08-25 07:42:49,837 [8] DEBUG hololens_server20180722.Models.OthelloPlay - GetAdjcentPositions 26
2018-08-25 07:42:49,837 [8] DEBUG hololens_server20180722.Models.OthelloPlay - layerIndex 05 xRowIndex 05 zColIndex 04
2018-08-25 07:42:49,837 [8] DEBUG hololens_server20180722.Models.OthelloPlay - GetAdjcentPositions 26
2018-08-25 07:42:49,838 [8] DEBUG hololens_server20180722.Models.OthelloPlay - layerIndex 05 xRowIndex 05 zColIndex 05
2018-08-25 07:42:49,838 [8] DEBUG hololens_server20180722.Models.OthelloPlay - GetAdjcentPositions 26
2018-08-25 07:42:49,838 [8] DEBUG hololens_server20180722.Models.OthelloPlay - layerIndex 04 xRowIndex 04 zColIndex 04
2018-08-25 07:42:49,839 [8] DEBUG hololens_server20180722.Models.OthelloPlay - GetAdjcentPositions 26
2018-08-25 07:42:49,839 [8] DEBUG hololens_server20180722.Models.OthelloPlay - layerIndex 04 xRowIndex 04 zColIndex 05
2018-08-25 07:42:49,839 [8] DEBUG hololens_server20180722.Models.OthelloPlay - GetAdjcentPositions 26
2018-08-25 07:42:49,839 [8] DEBUG hololens_server20180722.Models.OthelloPlay - layerIndex 04 xRowIndex 05 zColIndex 04
2018-08-25 07:42:49,839 [8] DEBUG hololens_server20180722.Models.OthelloPlay - GetAdjcentPositions 26
2018-08-25 07:42:49,840 [8] DEBUG hololens_server20180722.Models.OthelloPlay - layerIndex 04 xRowIndex 05 zColIndex 05
2018-08-25 07:42:49,840 [8] DEBUG hololens_server20180722.Models.OthelloPlay - GetAdjcentPositions 26
2018-08-25 07:42:49,840 [8] DEBUG hololens_server20180722.Models.OthelloPlay - 512
2018-08-25 07:42:49,840 [8] INFO hololens_server20180722.Models.OthelloPlay - End UpdateStatus 
2018-08-25 07:42:49,842 [8] INFO hololens_server20180722.Controllers.ValuesController - End Post 
2018-08-25 07:42:52,838 [7] INFO hololens_server20180722.Controllers.ValuesController - Start Post status_update
2018-08-25 07:42:52,838 [7] INFO hololens_server20180722.Models.OthelloPlay - Start UpdateStatus 
2018-08-25 07:42:52,846 [7] DEBUG hololens_server20180722.Models.OthelloPlay - roomNumber is  20180825074237823
2018-08-25 07:42:52,846 [7] DEBUG hololens_server20180722.Models.OthelloPlay - Start CheckReverse Layer06-XRow06-ZCol06
2018-08-25 07:42:52,846 [7] DEBUG hololens_server20180722.Models.OthelloPlay - layerIndex 06 xRowIndex 06 zColIndex 06
2018-08-25 07:42:52,847 [7] DEBUG hololens_server20180722.Models.OthelloPlay - GetAdjcentPositions 26
2018-08-25 07:42:52,847 [7] DEBUG hololens_server20180722.Models.OthelloPlay - The last position color is 0 Not need CheckReverse 
2018-08-25 07:42:52,847 [7] DEBUG hololens_server20180722.Models.OthelloPlay - layerIndex 05 xRowIndex 04 zColIndex 04
2018-08-25 07:42:52,848 [7] DEBUG hololens_server20180722.Models.OthelloPlay - GetAdjcentPositions 26
2018-08-25 07:42:52,848 [7] DEBUG hololens_server20180722.Models.OthelloPlay - layerIndex 05 xRowIndex 04 zColIndex 05
2018-08-25 07:42:52,849 [7] DEBUG hololens_server20180722.Models.OthelloPlay - GetAdjcentPositions 26
2018-08-25 07:42:52,849 [7] DEBUG hololens_server20180722.Models.OthelloPlay - layerIndex 05 xRowIndex 05 zColIndex 04
2018-08-25 07:42:52,849 [7] DEBUG hololens_server20180722.Models.OthelloPlay - GetAdjcentPositions 26
2018-08-25 07:42:52,849 [7] DEBUG hololens_server20180722.Models.OthelloPlay - layerIndex 05 xRowIndex 05 zColIndex 05
2018-08-25 07:42:52,850 [7] DEBUG hololens_server20180722.Models.OthelloPlay - GetAdjcentPositions 26
2018-08-25 07:42:52,850 [7] DEBUG hololens_server20180722.Models.OthelloPlay - layerIndex 04 xRowIndex 04 zColIndex 04
2018-08-25 07:42:52,850 [7] DEBUG hololens_server20180722.Models.OthelloPlay - GetAdjcentPositions 26
2018-08-25 07:42:52,850 [7] DEBUG hololens_server20180722.Models.OthelloPlay - layerIndex 04 xRowIndex 04 zColIndex 05
2018-08-25 07:42:52,850 [7] DEBUG hololens_server20180722.Models.OthelloPlay - GetAdjcentPositions 26
2018-08-25 07:42:52,851 [7] DEBUG hololens_server20180722.Models.OthelloPlay - layerIndex 04 xRowIndex 05 zColIndex 04
2018-08-25 07:42:52,851 [7] DEBUG hololens_server20180722.Models.OthelloPlay - GetAdjcentPositions 26
2018-08-25 07:42:52,851 [7] DEBUG hololens_server20180722.Models.OthelloPlay - layerIndex 04 xRowIndex 05 zColIndex 05
2018-08-25 07:42:52,851 [7] DEBUG hololens_server20180722.Models.OthelloPlay - GetAdjcentPositions 26
2018-08-25 07:42:52,851 [7] DEBUG hololens_server20180722.Models.OthelloPlay - 512
2018-08-25 07:42:52,852 [7] INFO hololens_server20180722.Models.OthelloPlay - End UpdateStatus 
2018-08-25 07:42:52,852 [7] INFO hololens_server20180722.Controllers.ValuesController - End Post 
2018-08-25 07:42:55,837 [8] INFO hololens_server20180722.Controllers.ValuesController - Start Post status_update
2018-08-25 07:42:55,837 [8] INFO hololens_server20180722.Models.OthelloPlay - Start UpdateStatus 
2018-08-25 07:42:55,839 [8] DEBUG hololens_server20180722.Models.OthelloPlay - roomNumber is  20180825074237823
2018-08-25 07:42:55,839 [8] DEBUG hololens_server20180722.Models.OthelloPlay - Start CheckReverse Layer06-XRow06-ZCol06
2018-08-25 07:42:55,839 [8] DEBUG hololens_server20180722.Models.OthelloPlay - layerIndex 06 xRowIndex 06 zColIndex 06
2018-08-25 07:42:55,839 [8] DEBUG hololens_server20180722.Models.OthelloPlay - GetAdjcentPositions 26
2018-08-25 07:42:55,840 [8] DEBUG hololens_server20180722.Models.OthelloPlay - The last position color is 0 Not need CheckReverse 
2018-08-25 07:42:55,840 [8] DEBUG hololens_server20180722.Models.OthelloPlay - layerIndex 05 xRowIndex 04 zColIndex 04
2018-08-25 07:42:55,840 [8] DEBUG hololens_server20180722.Models.OthelloPlay - GetAdjcentPositions 26
2018-08-25 07:42:55,841 [8] DEBUG hololens_server20180722.Models.OthelloPlay - layerIndex 05 xRowIndex 04 zColIndex 05
2018-08-25 07:42:55,841 [8] DEBUG hololens_server20180722.Models.OthelloPlay - GetAdjcentPositions 26
2018-08-25 07:42:55,841 [8] DEBUG hololens_server20180722.Models.OthelloPlay - layerIndex 05 xRowIndex 05 zColIndex 04
2018-08-25 07:42:55,842 [8] DEBUG hololens_server20180722.Models.OthelloPlay - GetAdjcentPositions 26
2018-08-25 07:42:55,842 [8] DEBUG hololens_server20180722.Models.OthelloPlay - layerIndex 05 xRowIndex 05 zColIndex 05
2018-08-25 07:42:55,842 [8] DEBUG hololens_server20180722.Models.OthelloPlay - GetAdjcentPositions 26
2018-08-25 07:42:55,843 [8] DEBUG hololens_server20180722.Models.OthelloPlay - layerIndex 04 xRowIndex 04 zColIndex 04
2018-08-25 07:42:55,843 [8] DEBUG hololens_server20180722.Models.OthelloPlay - GetAdjcentPositions 26
2018-08-25 07:42:55,843 [8] DEBUG hololens_server20180722.Models.OthelloPlay - layerIndex 04 xRowIndex 04 zColIndex 05
2018-08-25 07:42:55,843 [8] DEBUG hololens_server20180722.Models.OthelloPlay - GetAdjcentPositions 26
2018-08-25 07:42:55,843 [8] DEBUG hololens_server20180722.Models.OthelloPlay - layerIndex 04 xRowIndex 05 zColIndex 04
2018-08-25 07:42:55,844 [8] DEBUG hololens_server20180722.Models.OthelloPlay - GetAdjcentPositions 26
2018-08-25 07:42:55,844 [8] DEBUG hololens_server20180722.Models.OthelloPlay - layerIndex 04 xRowIndex 05 zColIndex 05
2018-08-25 07:42:55,844 [8] DEBUG hololens_server20180722.Models.OthelloPlay - GetAdjcentPositions 26
2018-08-25 07:42:55,844 [8] DEBUG hololens_server20180722.Models.OthelloPlay - 512
2018-08-25 07:42:55,846 [8] INFO hololens_server20180722.Models.OthelloPlay - End UpdateStatus 
2018-08-25 07:42:55,846 [8] INFO hololens_server20180722.Controllers.ValuesController - End Post 
2018-08-25 07:42:58,851 [7] INFO hololens_server20180722.Controllers.ValuesController - Start Post status_update
2018-08-25 07:42:58,853 [7] INFO hololens_server20180722.Models.OthelloPlay - Start UpdateStatus 
2018-08-25 07:42:58,857 [7] DEBUG hololens_server20180722.Models.OthelloPlay - roomNumber is  20180825074237823
2018-08-25 07:42:58,858 [7] DEBUG hololens_server20180722.Models.OthelloPlay - Start CheckReverse Layer06-XRow06-ZCol06
2018-08-25 07:42:58,859 [7] DEBUG hololens_server20180722.Models.OthelloPlay - layerIndex 06 xRowIndex 06 zColIndex 06
2018-08-25 07:42:58,864 [7] DEBUG hololens_server20180722.Models.OthelloPlay - GetAdjcentPositions 26
2018-08-25 07:42:58,865 [7] DEBUG hololens_server20180722.Models.OthelloPlay - The last position color is 0 Not need CheckReverse 
2018-08-25 07:42:58,865 [7] DEBUG hololens_server20180722.Models.OthelloPlay - layerIndex 05 xRowIndex 04 zColIndex 04
2018-08-25 07:42:58,866 [7] DEBUG hololens_server20180722.Models.OthelloPlay - GetAdjcentPositions 26
2018-08-25 07:42:58,866 [7] DEBUG hololens_server20180722.Models.OthelloPlay - layerIndex 05 xRowIndex 04 zColIndex 05
2018-08-25 07:42:58,867 [7] DEBUG hololens_server20180722.Models.OthelloPlay - GetAdjcentPositions 26
2018-08-25 07:42:58,867 [7] DEBUG hololens_server20180722.Models.OthelloPlay - layerIndex 05 xRowIndex 05 zColIndex 04
2018-08-25 07:42:58,867 [7] DEBUG hololens_server20180722.Models.OthelloPlay - GetAdjcentPositions 26
2018-08-25 07:42:58,868 [7] DEBUG hololens_server20180722.Models.OthelloPlay - layerIndex 05 xRowIndex 05 zColIndex 05
2018-08-25 07:42:58,868 [7] DEBUG hololens_server20180722.Models.OthelloPlay - GetAdjcentPositions 26
2018-08-25 07:42:58,868 [7] DEBUG hololens_server20180722.Models.OthelloPlay - layerIndex 04 xRowIndex 04 zColIndex 04
2018-08-25 07:42:58,869 [7] DEBUG hololens_server20180722.Models.OthelloPlay - GetAdjcentPositions 26
2018-08-25 07:42:58,869 [7] DEBUG hololens_server20180722.Models.OthelloPlay - layerIndex 04 xRowIndex 04 zColIndex 05
2018-08-25 07:42:58,870 [7] DEBUG hololens_server20180722.Models.OthelloPlay - GetAdjcentPositions 26
2018-08-25 07:42:58,870 [7] DEBUG hololens_server20180722.Models.OthelloPlay - layerIndex 04 xRowIndex 05 zColIndex 04
2018-08-25 07:42:58,870 [7] DEBUG hololens_server20180722.Models.OthelloPlay - GetAdjcentPositions 26
2018-08-25 07:42:58,871 [7] DEBUG hololens_server20180722.Models.OthelloPlay - layerIndex 04 xRowIndex 05 zColIndex 05
2018-08-25 07:42:58,875 [7] DEBUG hololens_server20180722.Models.OthelloPlay - GetAdjcentPositions 26
2018-08-25 07:42:58,878 [7] DEBUG hololens_server20180722.Models.OthelloPlay - 512
2018-08-25 07:42:58,878 [7] INFO hololens_server20180722.Models.OthelloPlay - End UpdateStatus 
2018-08-25 07:42:58,878 [7] INFO hololens_server20180722.Controllers.ValuesController - End Post 
2018-08-25 07:43:01,864 [7] INFO hololens_server20180722.Controllers.ValuesController - Start Post status_update
2018-08-25 07:43:01,864 [7] INFO hololens_server20180722.Models.OthelloPlay - Start UpdateStatus 
2018-08-25 07:43:01,867 [7] DEBUG hololens_server20180722.Models.OthelloPlay - roomNumber is  20180825074237823
2018-08-25 07:43:01,867 [7] DEBUG hololens_server20180722.Models.OthelloPlay - Start CheckReverse Layer05-XRow06-ZCol06
2018-08-25 07:43:01,867 [7] DEBUG hololens_server20180722.Models.OthelloPlay - layerIndex 05 xRowIndex 06 zColIndex 06
2018-08-25 07:43:01,867 [7] DEBUG hololens_server20180722.Models.OthelloPlay - GetAdjcentPositions 26
2018-08-25 07:43:01,867 [7] DEBUG hololens_server20180722.Models.OthelloPlay - The last position color is 0 Not need CheckReverse 
2018-08-25 07:43:01,867 [7] DEBUG hololens_server20180722.Models.OthelloPlay - layerIndex 05 xRowIndex 04 zColIndex 04
2018-08-25 07:43:01,868 [7] DEBUG hololens_server20180722.Models.OthelloPlay - GetAdjcentPositions 26
2018-08-25 07:43:01,868 [7] DEBUG hololens_server20180722.Models.OthelloPlay - layerIndex 05 xRowIndex 04 zColIndex 05
2018-08-25 07:43:01,868 [7] DEBUG hololens_server20180722.Models.OthelloPlay - GetAdjcentPositions 26
2018-08-25 07:43:01,868 [7] DEBUG hololens_server20180722.Models.OthelloPlay - layerIndex 05 xRowIndex 05 zColIndex 04
2018-08-25 07:43:01,869 [7] DEBUG hololens_server20180722.Models.OthelloPlay - GetAdjcentPositions 26
2018-08-25 07:43:01,869 [7] DEBUG hololens_server20180722.Models.OthelloPlay - layerIndex 05 xRowIndex 05 zColIndex 05
2018-08-25 07:43:01,869 [7] DEBUG hololens_server20180722.Models.OthelloPlay - GetAdjcentPositions 26
2018-08-25 07:43:01,869 [7] DEBUG hololens_server20180722.Models.OthelloPlay - layerIndex 06 xRowIndex 06 zColIndex 06
2018-08-25 07:43:01,869 [7] DEBUG hololens_server20180722.Models.OthelloPlay - GetAdjcentPositions 26
2018-08-25 07:43:01,870 [7] DEBUG hololens_server20180722.Models.OthelloPlay - layerIndex 04 xRowIndex 04 zColIndex 04
2018-08-25 07:43:01,870 [7] DEBUG hololens_server20180722.Models.OthelloPlay - GetAdjcentPositions 26
2018-08-25 07:43:01,870 [7] DEBUG hololens_server20180722.Models.OthelloPlay - layerIndex 04 xRowIndex 04 zColIndex 05
2018-08-25 07:43:01,870 [7] DEBUG hololens_server20180722.Models.OthelloPlay - GetAdjcentPositions 26
2018-08-25 07:43:01,870 [7] DEBUG hololens_server20180722.Models.OthelloPlay - layerIndex 04 xRowIndex 05 zColIndex 04
2018-08-25 07:43:01,871 [7] DEBUG hololens_server20180722.Models.OthelloPlay - GetAdjcentPositions 26
2018-08-25 07:43:01,871 [7] DEBUG hololens_server20180722.Models.OthelloPlay - layerIndex 04 xRowIndex 05 zColIndex 05
2018-08-25 07:43:01,871 [7] DEBUG hololens_server20180722.Models.OthelloPlay - GetAdjcentPositions 26
2018-08-25 07:43:01,872 [7] DEBUG hololens_server20180722.Models.OthelloPlay - 512
2018-08-25 07:43:01,873 [7] INFO hololens_server20180722.Models.OthelloPlay - End UpdateStatus 
2018-08-25 07:43:01,873 [7] INFO hololens_server20180722.Controllers.ValuesController - End Post 
2018-08-25 07:43:04,881 [7] INFO hololens_server20180722.Controllers.ValuesController - Start Post status_update
2018-08-25 07:43:04,881 [7] INFO hololens_server20180722.Models.OthelloPlay - Start UpdateStatus 
2018-08-25 07:43:04,884 [7] DEBUG hololens_server20180722.Models.OthelloPlay - roomNumber is  20180825074237823
2018-08-25 07:43:04,884 [7] DEBUG hololens_server20180722.Models.OthelloPlay - Start CheckReverse Layer05-XRow06-ZCol06
2018-08-25 07:43:04,885 [7] DEBUG hololens_server20180722.Models.OthelloPlay - layerIndex 05 xRowIndex 06 zColIndex 06
2018-08-25 07:43:04,885 [7] DEBUG hololens_server20180722.Models.OthelloPlay - GetAdjcentPositions 26
2018-08-25 07:43:04,885 [7] DEBUG hololens_server20180722.Models.OthelloPlay - The last position color is 0 Not need CheckReverse 
2018-08-25 07:43:04,885 [7] DEBUG hololens_server20180722.Models.OthelloPlay - layerIndex 05 xRowIndex 04 zColIndex 04
2018-08-25 07:43:04,885 [7] DEBUG hololens_server20180722.Models.OthelloPlay - GetAdjcentPositions 26
2018-08-25 07:43:04,886 [7] DEBUG hololens_server20180722.Models.OthelloPlay - layerIndex 05 xRowIndex 04 zColIndex 05
2018-08-25 07:43:04,886 [7] DEBUG hololens_server20180722.Models.OthelloPlay - GetAdjcentPositions 26
2018-08-25 07:43:04,886 [7] DEBUG hololens_server20180722.Models.OthelloPlay - layerIndex 05 xRowIndex 05 zColIndex 04
2018-08-25 07:43:04,886 [7] DEBUG hololens_server20180722.Models.OthelloPlay - GetAdjcentPositions 26
2018-08-25 07:43:04,887 [7] DEBUG hololens_server20180722.Models.OthelloPlay - layerIndex 05 xRowIndex 05 zColIndex 05
2018-08-25 07:43:04,887 [7] DEBUG hololens_server20180722.Models.OthelloPlay - GetAdjcentPositions 26
2018-08-25 07:43:04,887 [7] DEBUG hololens_server20180722.Models.OthelloPlay - layerIndex 06 xRowIndex 06 zColIndex 06
2018-08-25 07:43:04,887 [7] DEBUG hololens_server20180722.Models.OthelloPlay - GetAdjcentPositions 26
2018-08-25 07:43:04,888 [7] DEBUG hololens_server20180722.Models.OthelloPlay - layerIndex 04 xRowIndex 04 zColIndex 04
2018-08-25 07:43:04,888 [7] DEBUG hololens_server20180722.Models.OthelloPlay - GetAdjcentPositions 26
2018-08-25 07:43:04,888 [7] DEBUG hololens_server20180722.Models.OthelloPlay - layerIndex 04 xRowIndex 04 zColIndex 05
2018-08-25 07:43:04,889 [7] DEBUG hololens_server20180722.Models.OthelloPlay - GetAdjcentPositions 26
2018-08-25 07:43:04,889 [7] DEBUG hololens_server20180722.Models.OthelloPlay - layerIndex 04 xRowIndex 05 zColIndex 04
2018-08-25 07:43:04,889 [7] DEBUG hololens_server20180722.Models.OthelloPlay - GetAdjcentPositions 26
2018-08-25 07:43:04,889 [7] DEBUG hololens_server20180722.Models.OthelloPlay - layerIndex 04 xRowIndex 05 zColIndex 05
2018-08-25 07:43:04,890 [7] DEBUG hololens_server20180722.Models.OthelloPlay - GetAdjcentPositions 26
2018-08-25 07:43:04,890 [7] DEBUG hololens_server20180722.Models.OthelloPlay - 512
2018-08-25 07:43:04,891 [7] INFO hololens_server20180722.Models.OthelloPlay - End UpdateStatus 
2018-08-25 07:43:04,891 [7] INFO hololens_server20180722.Controllers.ValuesController - End Post 
2018-08-25 07:43:07,898 [8] INFO hololens_server20180722.Controllers.ValuesController - Start Post status_update
2018-08-25 07:43:07,899 [8] INFO hololens_server20180722.Models.OthelloPlay - Start UpdateStatus 
2018-08-25 07:43:07,902 [8] DEBUG hololens_server20180722.Models.OthelloPlay - roomNumber is  20180825074237823
2018-08-25 07:43:07,902 [8] DEBUG hololens_server20180722.Models.OthelloPlay - Start CheckReverse Layer05-XRow06-ZCol06
2018-08-25 07:43:07,903 [8] DEBUG hololens_server20180722.Models.OthelloPlay - layerIndex 05 xRowIndex 06 zColIndex 06
2018-08-25 07:43:07,903 [8] DEBUG hololens_server20180722.Models.OthelloPlay - GetAdjcentPositions 26
2018-08-25 07:43:07,903 [8] DEBUG hololens_server20180722.Models.OthelloPlay - The last position color is 0 Not need CheckReverse 
2018-08-25 07:43:07,903 [8] DEBUG hololens_server20180722.Models.OthelloPlay - layerIndex 05 xRowIndex 04 zColIndex 04
2018-08-25 07:43:07,903 [8] DEBUG hololens_server20180722.Models.OthelloPlay - GetAdjcentPositions 26
2018-08-25 07:43:07,904 [8] DEBUG hololens_server20180722.Models.OthelloPlay - layerIndex 05 xRowIndex 04 zColIndex 05
2018-08-25 07:43:07,904 [8] DEBUG hololens_server20180722.Models.OthelloPlay - GetAdjcentPositions 26
2018-08-25 07:43:07,904 [8] DEBUG hololens_server20180722.Models.OthelloPlay - layerIndex 05 xRowIndex 05 zColIndex 04
2018-08-25 07:43:07,904 [8] DEBUG hololens_server20180722.Models.OthelloPlay - GetAdjcentPositions 26
2018-08-25 07:43:07,904 [8] DEBUG hololens_server20180722.Models.OthelloPlay - layerIndex 05 xRowIndex 05 zColIndex 05
2018-08-25 07:43:07,905 [8] DEBUG hololens_server20180722.Models.OthelloPlay - GetAdjcentPositions 26
2018-08-25 07:43:07,905 [8] DEBUG hololens_server20180722.Models.OthelloPlay - layerIndex 06 xRowIndex 06 zColIndex 06
2018-08-25 07:43:07,905 [8] DEBUG hololens_server20180722.Models.OthelloPlay - GetAdjcentPositions 26
2018-08-25 07:43:07,905 [8] DEBUG hololens_server20180722.Models.OthelloPlay - layerIndex 04 xRowIndex 04 zColIndex 04
2018-08-25 07:43:07,906 [8] DEBUG hololens_server20180722.Models.OthelloPlay - GetAdjcentPositions 26
2018-08-25 07:43:07,906 [8] DEBUG hololens_server20180722.Models.OthelloPlay - layerIndex 04 xRowIndex 04 zColIndex 05
2018-08-25 07:43:07,906 [8] DEBUG hololens_server20180722.Models.OthelloPlay - GetAdjcentPositions 26
2018-08-25 07:43:07,906 [8] DEBUG hololens_server20180722.Models.OthelloPlay - layerIndex 04 xRowIndex 05 zColIndex 04
2018-08-25 07:43:07,906 [8] DEBUG hololens_server20180722.Models.OthelloPlay - GetAdjcentPositions 26
2018-08-25 07:43:07,906 [8] DEBUG hololens_server20180722.Models.OthelloPlay - layerIndex 04 xRowIndex 05 zColIndex 05
2018-08-25 07:43:07,906 [8] DEBUG hololens_server20180722.Models.OthelloPlay - GetAdjcentPositions 26
2018-08-25 07:43:07,906 [8] DEBUG hololens_server20180722.Models.OthelloPlay - 512
2018-08-25 07:43:07,906 [8] INFO hololens_server20180722.Models.OthelloPlay - End UpdateStatus 
2018-08-25 07:43:07,907 [8] INFO hololens_server20180722.Controllers.ValuesController - End Post 
2018-08-25 07:43:10,901 [8] INFO hololens_server20180722.Controllers.ValuesController - Start Post status_update
2018-08-25 07:43:10,902 [8] INFO hololens_server20180722.Models.OthelloPlay - Start UpdateStatus 
2018-08-25 07:43:10,904 [8] DEBUG hololens_server20180722.Models.OthelloPlay - roomNumber is  20180825074237823
2018-08-25 07:43:10,904 [8] DEBUG hololens_server20180722.Models.OthelloPlay - Start CheckReverse Layer05-XRow06-ZCol06
2018-08-25 07:43:10,905 [8] DEBUG hololens_server20180722.Models.OthelloPlay - layerIndex 05 xRowIndex 06 zColIndex 06
2018-08-25 07:43:10,905 [8] DEBUG hololens_server20180722.Models.OthelloPlay - GetAdjcentPositions 26
2018-08-25 07:43:10,905 [8] DEBUG hololens_server20180722.Models.OthelloPlay - The last position color is 0 Not need CheckReverse 
2018-08-25 07:43:10,905 [8] DEBUG hololens_server20180722.Models.OthelloPlay - layerIndex 05 xRowIndex 04 zColIndex 04
2018-08-25 07:43:10,906 [8] DEBUG hololens_server20180722.Models.OthelloPlay - GetAdjcentPositions 26
2018-08-25 07:43:10,906 [8] DEBUG hololens_server20180722.Models.OthelloPlay - layerIndex 05 xRowIndex 04 zColIndex 05
2018-08-25 07:43:10,906 [8] DEBUG hololens_server20180722.Models.OthelloPlay - GetAdjcentPositions 26
2018-08-25 07:43:10,906 [8] DEBUG hololens_server20180722.Models.OthelloPlay - layerIndex 05 xRowIndex 05 zColIndex 04
2018-08-25 07:43:10,907 [8] DEBUG hololens_server20180722.Models.OthelloPlay - GetAdjcentPositions 26
2018-08-25 07:43:10,907 [8] DEBUG hololens_server20180722.Models.OthelloPlay - layerIndex 05 xRowIndex 05 zColIndex 05
2018-08-25 07:43:10,907 [8] DEBUG hololens_server20180722.Models.OthelloPlay - GetAdjcentPositions 26
2018-08-25 07:43:10,907 [8] DEBUG hololens_server20180722.Models.OthelloPlay - layerIndex 06 xRowIndex 06 zColIndex 06
2018-08-25 07:43:10,907 [8] DEBUG hololens_server20180722.Models.OthelloPlay - GetAdjcentPositions 26
2018-08-25 07:43:10,908 [8] DEBUG hololens_server20180722.Models.OthelloPlay - layerIndex 04 xRowIndex 04 zColIndex 04
2018-08-25 07:43:10,908 [8] DEBUG hololens_server20180722.Models.OthelloPlay - GetAdjcentPositions 26
2018-08-25 07:43:10,908 [8] DEBUG hololens_server20180722.Models.OthelloPlay - layerIndex 04 xRowIndex 04 zColIndex 05
2018-08-25 07:43:10,909 [8] DEBUG hololens_server20180722.Models.OthelloPlay - GetAdjcentPositions 26
2018-08-25 07:43:10,909 [8] DEBUG hololens_server20180722.Models.OthelloPlay - layerIndex 04 xRowIndex 05 zColIndex 04
2018-08-25 07:43:10,909 [8] DEBUG hololens_server20180722.Models.OthelloPlay - GetAdjcentPositions 26
2018-08-25 07:43:10,909 [8] DEBUG hololens_server20180722.Models.OthelloPlay - layerIndex 04 xRowIndex 05 zColIndex 05
2018-08-25 07:43:10,910 [8] DEBUG hololens_server20180722.Models.OthelloPlay - GetAdjcentPositions 26
2018-08-25 07:43:10,910 [8] DEBUG hololens_server20180722.Models.OthelloPlay - 512
2018-08-25 07:43:10,910 [8] INFO hololens_server20180722.Models.OthelloPlay - End UpdateStatus 
2018-08-25 07:43:10,911 [8] INFO hololens_server20180722.Controllers.ValuesController - End Post 
2018-08-25 07:43:13,904 [8] INFO hololens_server20180722.Controllers.ValuesController - Start Post status_update
2018-08-25 07:43:13,904 [8] INFO hololens_server20180722.Models.OthelloPlay - Start UpdateStatus 
2018-08-25 07:43:13,907 [8] DEBUG hololens_server20180722.Models.OthelloPlay - roomNumber is  20180825074237823
2018-08-25 07:43:13,907 [8] DEBUG hololens_server20180722.Models.OthelloPlay - Start CheckReverse Layer05-XRow06-ZCol06
2018-08-25 07:43:13,907 [8] DEBUG hololens_server20180722.Models.OthelloPlay - layerIndex 05 xRowIndex 06 zColIndex 06
2018-08-25 07:43:13,907 [8] DEBUG hololens_server20180722.Models.OthelloPlay - GetAdjcentPositions 26
2018-08-25 07:43:13,907 [8] DEBUG hololens_server20180722.Models.OthelloPlay - The last position color is 0 Not need CheckReverse 
2018-08-25 07:43:13,907 [8] DEBUG hololens_server20180722.Models.OthelloPlay - layerIndex 05 xRowIndex 04 zColIndex 04
2018-08-25 07:43:13,908 [8] DEBUG hololens_server20180722.Models.OthelloPlay - GetAdjcentPositions 26
2018-08-25 07:43:13,908 [8] DEBUG hololens_server20180722.Models.OthelloPlay - layerIndex 05 xRowIndex 04 zColIndex 05
2018-08-25 07:43:13,908 [8] DEBUG hololens_server20180722.Models.OthelloPlay - GetAdjcentPositions 26
2018-08-25 07:43:13,908 [8] DEBUG hololens_server20180722.Models.OthelloPlay - layerIndex 05 xRowIndex 05 zColIndex 04
2018-08-25 07:43:13,908 [8] DEBUG hololens_server20180722.Models.OthelloPlay - GetAdjcentPositions 26
2018-08-25 07:43:13,909 [8] DEBUG hololens_server20180722.Models.OthelloPlay - layerIndex 05 xRowIndex 05 zColIndex 05
2018-08-25 07:43:13,909 [8] DEBUG hololens_server20180722.Models.OthelloPlay - GetAdjcentPositions 26
2018-08-25 07:43:13,910 [8] DEBUG hololens_server20180722.Models.OthelloPlay - layerIndex 06 xRowIndex 06 zColIndex 06
2018-08-25 07:43:13,910 [8] DEBUG hololens_server20180722.Models.OthelloPlay - GetAdjcentPositions 26
2018-08-25 07:43:13,910 [8] DEBUG hololens_server20180722.Models.OthelloPlay - layerIndex 04 xRowIndex 04 zColIndex 04
2018-08-25 07:43:13,910 [8] DEBUG hololens_server20180722.Models.OthelloPlay - GetAdjcentPositions 26
2018-08-25 07:43:13,910 [8] DEBUG hololens_server20180722.Models.OthelloPlay - layerIndex 04 xRowIndex 04 zColIndex 05
2018-08-25 07:43:13,911 [8] DEBUG hololens_server20180722.Models.OthelloPlay - GetAdjcentPositions 26
2018-08-25 07:43:13,911 [8] DEBUG hololens_server20180722.Models.OthelloPlay - layerIndex 04 xRowIndex 05 zColIndex 04
2018-08-25 07:43:13,911 [8] DEBUG hololens_server20180722.Models.OthelloPlay - GetAdjcentPositions 26
2018-08-25 07:43:13,911 [8] DEBUG hololens_server20180722.Models.OthelloPlay - layerIndex 04 xRowIndex 05 zColIndex 05
2018-08-25 07:43:13,912 [8] DEBUG hololens_server20180722.Models.OthelloPlay - GetAdjcentPositions 26
2018-08-25 07:43:13,912 [8] DEBUG hololens_server20180722.Models.OthelloPlay - 512
2018-08-25 07:43:13,912 [8] INFO hololens_server20180722.Models.OthelloPlay - End UpdateStatus 
2018-08-25 07:43:13,912 [8] INFO hololens_server20180722.Controllers.ValuesController - End Post 
2018-08-25 07:43:16,917 [10] INFO hololens_server20180722.Controllers.ValuesController - Start Post status_update
2018-08-25 07:43:16,918 [10] INFO hololens_server20180722.Models.OthelloPlay - Start UpdateStatus 
2018-08-25 07:43:16,920 [10] DEBUG hololens_server20180722.Models.OthelloPlay - roomNumber is  20180825074237823
2018-08-25 07:43:16,920 [10] DEBUG hololens_server20180722.Models.OthelloPlay - Start CheckReverse Layer05-XRow06-ZCol06
2018-08-25 07:43:16,920 [10] DEBUG hololens_server20180722.Models.OthelloPlay - layerIndex 05 xRowIndex 06 zColIndex 06
2018-08-25 07:43:16,920 [10] DEBUG hololens_server20180722.Models.OthelloPlay - GetAdjcentPositions 26
2018-08-25 07:43:16,921 [10] DEBUG hololens_server20180722.Models.OthelloPlay - The last position color is 0 Not need CheckReverse 
2018-08-25 07:43:16,921 [10] DEBUG hololens_server20180722.Models.OthelloPlay - layerIndex 05 xRowIndex 04 zColIndex 04
2018-08-25 07:43:16,921 [10] DEBUG hololens_server20180722.Models.OthelloPlay - GetAdjcentPositions 26
2018-08-25 07:43:16,921 [10] DEBUG hololens_server20180722.Models.OthelloPlay - layerIndex 05 xRowIndex 04 zColIndex 05
2018-08-25 07:43:16,922 [10] DEBUG hololens_server20180722.Models.OthelloPlay - GetAdjcentPositions 26
2018-08-25 07:43:16,922 [10] DEBUG hololens_server20180722.Models.OthelloPlay - layerIndex 05 xRowIndex 05 zColIndex 04
2018-08-25 07:43:16,922 [10] DEBUG hololens_server20180722.Models.OthelloPlay - GetAdjcentPositions 26
2018-08-25 07:43:16,922 [10] DEBUG hololens_server20180722.Models.OthelloPlay - layerIndex 05 xRowIndex 05 zColIndex 05
2018-08-25 07:43:16,922 [10] DEBUG hololens_server20180722.Models.OthelloPlay - GetAdjcentPositions 26
2018-08-25 07:43:16,922 [10] DEBUG hololens_server20180722.Models.OthelloPlay - layerIndex 06 xRowIndex 06 zColIndex 06
2018-08-25 07:43:16,923 [10] DEBUG hololens_server20180722.Models.OthelloPlay - GetAdjcentPositions 26
2018-08-25 07:43:16,923 [10] DEBUG hololens_server20180722.Models.OthelloPlay - layerIndex 04 xRowIndex 04 zColIndex 04
2018-08-25 07:43:16,923 [10] DEBUG hololens_server20180722.Models.OthelloPlay - GetAdjcentPositions 26
2018-08-25 07:43:16,923 [10] DEBUG hololens_server20180722.Models.OthelloPlay - layerIndex 04 xRowIndex 04 zColIndex 05
2018-08-25 07:43:16,924 [10] DEBUG hololens_server20180722.Models.OthelloPlay - GetAdjcentPositions 26
2018-08-25 07:43:16,924 [10] DEBUG hololens_server20180722.Models.OthelloPlay - layerIndex 04 xRowIndex 05 zColIndex 04
2018-08-25 07:43:16,924 [10] DEBUG hololens_server20180722.Models.OthelloPlay - GetAdjcentPositions 26
2018-08-25 07:43:16,924 [10] DEBUG hololens_server20180722.Models.OthelloPlay - layerIndex 04 xRowIndex 05 zColIndex 05
2018-08-25 07:43:16,924 [10] DEBUG hololens_server20180722.Models.OthelloPlay - GetAdjcentPositions 26
2018-08-25 07:43:16,924 [10] DEBUG hololens_server20180722.Models.OthelloPlay - 512
2018-08-25 07:43:16,925 [10] INFO hololens_server20180722.Models.OthelloPlay - End UpdateStatus 
2018-08-25 07:43:16,925 [10] INFO hololens_server20180722.Controllers.ValuesController - End Post 
2018-08-25 07:43:19,918 [11] INFO hololens_server20180722.Controllers.ValuesController - Start Post status_update
2018-08-25 07:43:19,918 [11] INFO hololens_server20180722.Models.OthelloPlay - Start UpdateStatus 
2018-08-25 07:43:19,921 [11] DEBUG hololens_server20180722.Models.OthelloPlay - roomNumber is  20180825074237823
2018-08-25 07:43:19,922 [11] DEBUG hololens_server20180722.Models.OthelloPlay - Start CheckReverse Layer05-XRow06-ZCol06
2018-08-25 07:43:19,922 [11] DEBUG hololens_server20180722.Models.OthelloPlay - layerIndex 05 xRowIndex 06 zColIndex 06
2018-08-25 07:43:19,922 [11] DEBUG hololens_server20180722.Models.OthelloPlay - GetAdjcentPositions 26
2018-08-25 07:43:19,922 [11] DEBUG hololens_server20180722.Models.OthelloPlay - The last position color is 0 Not need CheckReverse 
2018-08-25 07:43:19,923 [11] DEBUG hololens_server20180722.Models.OthelloPlay - layerIndex 05 xRowIndex 04 zColIndex 04
2018-08-25 07:43:19,923 [11] DEBUG hololens_server20180722.Models.OthelloPlay - GetAdjcentPositions 26
2018-08-25 07:43:19,923 [11] DEBUG hololens_server20180722.Models.OthelloPlay - layerIndex 05 xRowIndex 04 zColIndex 05
2018-08-25 07:43:19,924 [11] DEBUG hololens_server20180722.Models.OthelloPlay - GetAdjcentPositions 26
2018-08-25 07:43:19,924 [11] DEBUG hololens_server20180722.Models.OthelloPlay - layerIndex 05 xRowIndex 05 zColIndex 04
2018-08-25 07:43:19,924 [11] DEBUG hololens_server20180722.Models.OthelloPlay - GetAdjcentPositions 26
2018-08-25 07:43:19,925 [11] DEBUG hololens_server20180722.Models.OthelloPlay - layerIndex 05 xRowIndex 05 zColIndex 05
2018-08-25 07:43:19,925 [11] DEBUG hololens_server20180722.Models.OthelloPlay - GetAdjcentPositions 26
2018-08-25 07:43:19,926 [11] DEBUG hololens_server20180722.Models.OthelloPlay - layerIndex 06 xRowIndex 06 zColIndex 06
2018-08-25 07:43:19,926 [11] DEBUG hololens_server20180722.Models.OthelloPlay - GetAdjcentPositions 26
2018-08-25 07:43:19,926 [11] DEBUG hololens_server20180722.Models.OthelloPlay - layerIndex 04 xRowIndex 04 zColIndex 04
2018-08-25 07:43:19,926 [11] DEBUG hololens_server20180722.Models.OthelloPlay - GetAdjcentPositions 26
2018-08-25 07:43:19,927 [11] DEBUG hololens_server20180722.Models.OthelloPlay - layerIndex 04 xRowIndex 04 zColIndex 05
2018-08-25 07:43:19,927 [11] DEBUG hololens_server20180722.Models.OthelloPlay - GetAdjcentPositions 26
2018-08-25 07:43:19,927 [11] DEBUG hololens_server20180722.Models.OthelloPlay - layerIndex 04 xRowIndex 05 zColIndex 04
2018-08-25 07:43:19,927 [11] DEBUG hololens_server20180722.Models.OthelloPlay - GetAdjcentPositions 26
2018-08-25 07:43:19,927 [11] DEBUG hololens_server20180722.Models.OthelloPlay - layerIndex 04 xRowIndex 05 zColIndex 05
2018-08-25 07:43:19,927 [11] DEBUG hololens_server20180722.Models.OthelloPlay - GetAdjcentPositions 26
2018-08-25 07:43:19,928 [11] DEBUG hololens_server20180722.Models.OthelloPlay - 512
2018-08-25 07:43:19,928 [11] INFO hololens_server20180722.Models.OthelloPlay - End UpdateStatus 
2018-08-25 07:43:19,928 [11] INFO hololens_server20180722.Controllers.ValuesController - End Post 
2018-08-25 07:43:22,925 [8] INFO hololens_server20180722.Controllers.ValuesController - Start Post status_update
2018-08-25 07:43:22,926 [8] INFO hololens_server20180722.Models.OthelloPlay - Start UpdateStatus 
2018-08-25 07:43:22,928 [8] DEBUG hololens_server20180722.Models.OthelloPlay - roomNumber is  20180825074237823
2018-08-25 07:43:22,928 [8] DEBUG hololens_server20180722.Models.OthelloPlay - Start CheckReverse Layer05-XRow06-ZCol06
2018-08-25 07:43:22,928 [8] DEBUG hololens_server20180722.Models.OthelloPlay - layerIndex 05 xRowIndex 06 zColIndex 06
2018-08-25 07:43:22,929 [8] DEBUG hololens_server20180722.Models.OthelloPlay - GetAdjcentPositions 26
2018-08-25 07:43:22,929 [8] DEBUG hololens_server20180722.Models.OthelloPlay - The last position color is 0 Not need CheckReverse 
2018-08-25 07:43:22,929 [8] DEBUG hololens_server20180722.Models.OthelloPlay - layerIndex 05 xRowIndex 04 zColIndex 04
2018-08-25 07:43:22,929 [8] DEBUG hololens_server20180722.Models.OthelloPlay - GetAdjcentPositions 26
2018-08-25 07:43:22,929 [8] DEBUG hololens_server20180722.Models.OthelloPlay - layerIndex 05 xRowIndex 04 zColIndex 05
2018-08-25 07:43:22,930 [8] DEBUG hololens_server20180722.Models.OthelloPlay - GetAdjcentPositions 26
2018-08-25 07:43:22,930 [8] DEBUG hololens_server20180722.Models.OthelloPlay - layerIndex 05 xRowIndex 05 zColIndex 04
2018-08-25 07:43:22,930 [8] DEBUG hololens_server20180722.Models.OthelloPlay - GetAdjcentPositions 26
2018-08-25 07:43:22,930 [8] DEBUG hololens_server20180722.Models.OthelloPlay - layerIndex 05 xRowIndex 05 zColIndex 05
2018-08-25 07:43:22,930 [8] DEBUG hololens_server20180722.Models.OthelloPlay - GetAdjcentPositions 26
2018-08-25 07:43:22,931 [8] DEBUG hololens_server20180722.Models.OthelloPlay - layerIndex 06 xRowIndex 06 zColIndex 06
2018-08-25 07:43:22,931 [8] DEBUG hololens_server20180722.Models.OthelloPlay - GetAdjcentPositions 26
2018-08-25 07:43:22,931 [8] DEBUG hololens_server20180722.Models.OthelloPlay - layerIndex 04 xRowIndex 04 zColIndex 04
2018-08-25 07:43:22,931 [8] DEBUG hololens_server20180722.Models.OthelloPlay - GetAdjcentPositions 26
2018-08-25 07:43:22,931 [8] DEBUG hololens_server20180722.Models.OthelloPlay - layerIndex 04 xRowIndex 04 zColIndex 05
2018-08-25 07:43:22,932 [8] DEBUG hololens_server20180722.Models.OthelloPlay - GetAdjcentPositions 26
2018-08-25 07:43:22,932 [8] DEBUG hololens_server20180722.Models.OthelloPlay - layerIndex 04 xRowIndex 05 zColIndex 04
2018-08-25 07:43:22,932 [8] DEBUG hololens_server20180722.Models.OthelloPlay - GetAdjcentPositions 26
2018-08-25 07:43:22,932 [8] DEBUG hololens_server20180722.Models.OthelloPlay - layerIndex 04 xRowIndex 05 zColIndex 05
2018-08-25 07:43:22,932 [8] DEBUG hololens_server20180722.Models.OthelloPlay - GetAdjcentPositions 26
2018-08-25 07:43:22,934 [8] DEBUG hololens_server20180722.Models.OthelloPlay - 512
2018-08-25 07:43:22,935 [8] INFO hololens_server20180722.Models.OthelloPlay - End UpdateStatus 
2018-08-25 07:43:22,935 [8] INFO hololens_server20180722.Controllers.ValuesController - End Post 
2018-08-25 07:43:25,941 [10] INFO hololens_server20180722.Controllers.ValuesController - Start Post status_update
2018-08-25 07:43:25,941 [10] INFO hololens_server20180722.Models.OthelloPlay - Start UpdateStatus 
2018-08-25 07:43:25,944 [10] DEBUG hololens_server20180722.Models.OthelloPlay - roomNumber is  20180825074237823
2018-08-25 07:43:25,944 [10] DEBUG hololens_server20180722.Models.OthelloPlay - Start CheckReverse Layer05-XRow06-ZCol06
2018-08-25 07:43:25,944 [10] DEBUG hololens_server20180722.Models.OthelloPlay - layerIndex 05 xRowIndex 06 zColIndex 06
2018-08-25 07:43:25,944 [10] DEBUG hololens_server20180722.Models.OthelloPlay - GetAdjcentPositions 26
2018-08-25 07:43:25,945 [10] DEBUG hololens_server20180722.Models.OthelloPlay - The last position color is 0 Not need CheckReverse 
2018-08-25 07:43:25,945 [10] DEBUG hololens_server20180722.Models.OthelloPlay - layerIndex 05 xRowIndex 04 zColIndex 04
2018-08-25 07:43:25,945 [10] DEBUG hololens_server20180722.Models.OthelloPlay - GetAdjcentPositions 26
2018-08-25 07:43:25,945 [10] DEBUG hololens_server20180722.Models.OthelloPlay - layerIndex 05 xRowIndex 04 zColIndex 05
2018-08-25 07:43:25,945 [10] DEBUG hololens_server20180722.Models.OthelloPlay - GetAdjcentPositions 26
2018-08-25 07:43:25,945 [10] DEBUG hololens_server20180722.Models.OthelloPlay - layerIndex 05 xRowIndex 05 zColIndex 04
2018-08-25 07:43:25,946 [10] DEBUG hololens_server20180722.Models.OthelloPlay - GetAdjcentPositions 26
2018-08-25 07:43:25,946 [10] DEBUG hololens_server20180722.Models.OthelloPlay - layerIndex 05 xRowIndex 05 zColIndex 05
2018-08-25 07:43:25,946 [10] DEBUG hololens_server20180722.Models.OthelloPlay - GetAdjcentPositions 26
2018-08-25 07:43:25,946 [10] DEBUG hololens_server20180722.Models.OthelloPlay - layerIndex 06 xRowIndex 06 zColIndex 06
2018-08-25 07:43:25,947 [10] DEBUG hololens_server20180722.Models.OthelloPlay - GetAdjcentPositions 26
2018-08-25 07:43:25,947 [10] DEBUG hololens_server20180722.Models.OthelloPlay - layerIndex 04 xRowIndex 04 zColIndex 04
2018-08-25 07:43:25,947 [10] DEBUG hololens_server20180722.Models.OthelloPlay - GetAdjcentPositions 26
2018-08-25 07:43:25,947 [10] DEBUG hololens_server20180722.Models.OthelloPlay - layerIndex 04 xRowIndex 04 zColIndex 05
2018-08-25 07:43:25,947 [10] DEBUG hololens_server20180722.Models.OthelloPlay - GetAdjcentPositions 26
2018-08-25 07:43:25,948 [10] DEBUG hololens_server20180722.Models.OthelloPlay - layerIndex 04 xRowIndex 05 zColIndex 04
2018-08-25 07:43:25,948 [10] DEBUG hololens_server20180722.Models.OthelloPlay - GetAdjcentPositions 26
2018-08-25 07:43:25,948 [10] DEBUG hololens_server20180722.Models.OthelloPlay - layerIndex 04 xRowIndex 05 zColIndex 05
2018-08-25 07:43:25,948 [10] DEBUG hololens_server20180722.Models.OthelloPlay - GetAdjcentPositions 26
2018-08-25 07:43:25,949 [10] DEBUG hololens_server20180722.Models.OthelloPlay - 512
2018-08-25 07:43:25,949 [10] INFO hololens_server20180722.Models.OthelloPlay - End UpdateStatus 
2018-08-25 07:43:25,949 [10] INFO hololens_server20180722.Controllers.ValuesController - End Post 
